


ARM Macro Assembler    Page 1 


    1 00000000         #line   1                "..\\..\\..\\..\\..\\..\\firmwa
re\\platform\\kl720\\scpu\\startup\\startup_asm.s"
    1 00000000         ;
    2 00000000         
    3 00000000         
    4 00000000         
    5 00000000         
    6 00000000         
    7 00000000         
    8 00000000         
    9 00000000         
   10 00000000         
   11 00000000         ;
   12 00000000         ;
   13 00000000         
   14 00000000         
   15 00000000         
   16 00000000         
   17 00000000         
   18 00000000         
   19 00000000         
   20 00000000         
   21 00000000         
   22 00000000         #line   1                "..\\..\\sn72096_9x9\\project.h
"
    1 00000000         
    2 00000000         
    3 00000000         
    4 00000000         
    5 00000000         
    6 00000000         
    7 00000000         
    8 00000000         
    9 00000000         
   10 00000000         
   11 00000000         
   12 00000000         
   13 00000000         
   14 00000000         
   15 00000000         
   16 00000000         
   17 00000000         
   18 00000000         
   19 00000000         
   20 00000000         
   21 00000000         
   22 00000000         
   23 00000000         
   24 00000000         
   25 00000000         
   26 00000000         
   27 00000000         
   28 00000000         
   29 00000000         
   30 00000000         #line   1                "..\\..\\..\\..\\..\\..\\firmwa
re\\platform\\kl720\\common\\membase.h"
    1 00000000         
    2 00000000         
    3 00000000         



ARM Macro Assembler    Page 2 


    4 00000000         
    5 00000000         
    6 00000000         
    7 00000000         
    8 00000000         
    9 00000000         
   10 00000000         
   11 00000000         
   12 00000000         
   13 00000000         
   14 00000000         
   15 00000000         
   16 00000000         
   17 00000000         
   18 00000000         
   19 00000000         
   20 00000000         
   21 00000000         
   22 00000000         
   23 00000000         
   24 00000000         
   25 00000000         
   26 00000000         
   27 00000000         
   28 00000000         
   29 00000000         
   30 00000000         
   31 00000000         
   32 00000000         
   33 00000000         
   34 00000000         
   35 00000000         
   36 00000000         
   37 00000000         
   38 00000000         
   39 00000000         
   40 00000000         
   41 00000000         
   42 00000000         #line   50               "..\\..\\..\\..\\..\\..\\firmwa
re\\platform\\kl720\\common\\membase.h"
   50 00000000         
   51 00000000         
   52 00000000         
   53 00000000         
   54 00000000         
   55 00000000         
   56 00000000         
   57 00000000         
   58 00000000         
   59 00000000         
   60 00000000         
   61 00000000         
   62 00000000         
   63 00000000         
   64 00000000         
   65 00000000         
   66 00000000         
   67 00000000         
   68 00000000         



ARM Macro Assembler    Page 3 


   69 00000000         
   70 00000000         
   71 00000000         
   72 00000000         
   73 00000000         
   74 00000000         
   75 00000000         
   76 00000000         
   77 00000000         
   78 00000000         
   79 00000000         
   80 00000000         
   81 00000000         
   82 00000000         
   83 00000000         
   84 00000000         
   85 00000000         
   86 00000000         
   87 00000000         
   88 00000000         
   89 00000000         
   90 00000000         
   91 00000000         
   92 00000000         
   93 00000000         
   94 00000000         
   95 00000000         
   96 00000000         
   97 00000000         
   98 00000000         
   99 00000000         
  100 00000000         
  101 00000000         #line   31               "..\\..\\sn72096_9x9\\project.h
"
   31 00000000         
   32 00000000         
   33 00000000         
   34 00000000         
   35 00000000         #line   42               "..\\..\\sn72096_9x9\\project.h
"
   42 00000000         
   43 00000000         
   44 00000000         
   45 00000000         
   46 00000000         #line   1                "..\\..\\..\\..\\..\\..\\firmwa
re\\platform\\board\\board_sn72096_9x9\\board.h"
    1 00000000         
    2 00000000         
    3 00000000         
    4 00000000         
    5 00000000         
    6 00000000         
    7 00000000         
    8 00000000         
    9 00000000         
   10 00000000         
   11 00000000         
   12 00000000         
   13 00000000         



ARM Macro Assembler    Page 4 


   14 00000000         
   15 00000000         
   16 00000000         
   17 00000000         
   18 00000000         
   19 00000000         
   20 00000000         
   21 00000000         
   22 00000000         
   23 00000000         
   24 00000000         
   25 00000000         
   26 00000000         
   27 00000000         
   28 00000000         
   29 00000000         
   30 00000000         
   31 00000000         
   32 00000000         
   33 00000000         
   34 00000000         
   35 00000000         
   36 00000000         
   37 00000000         
   38 00000000         
   39 00000000         
   40 00000000         
   41 00000000         
   42 00000000         
   43 00000000         
   44 00000000         
   45 00000000         
   46 00000000         
   47 00000000         
   48 00000000         
   49 00000000         
   50 00000000         
   51 00000000         
   52 00000000         #line   61               "..\\..\\..\\..\\..\\..\\firmwa
re\\platform\\board\\board_sn72096_9x9\\board.h"
   61 00000000         
   62 00000000         
   63 00000000         
   64 00000000         
   65 00000000         
   66 00000000         
   67 00000000         
   68 00000000         
   69 00000000         
   70 00000000         
   71 00000000         
   72 00000000         
   73 00000000         
   74 00000000         
   75 00000000         
   76 00000000         
   77 00000000         
   78 00000000         
   79 00000000         



ARM Macro Assembler    Page 5 


   80 00000000         
   81 00000000         
   82 00000000         
   83 00000000         
   84 00000000         
   85 00000000         
   86 00000000         
   87 00000000         
   88 00000000         
   89 00000000         #line   100              "..\\..\\..\\..\\..\\..\\firmwa
re\\platform\\board\\board_sn72096_9x9\\board.h"
  100 00000000         
  101 00000000         
  102 00000000         
  103 00000000         
  104 00000000         
  105 00000000         
  106 00000000         
  107 00000000         
  108 00000000         
  109 00000000         
  110 00000000         
  111 00000000         
  112 00000000         
  113 00000000         
  114 00000000         
  115 00000000         
  116 00000000         
  117 00000000         
  118 00000000         
  119 00000000         
  120 00000000         
  121 00000000         
  122 00000000         
  123 00000000         
  124 00000000         
  125 00000000         
  126 00000000         
  127 00000000         
  128 00000000         
  129 00000000         
  130 00000000         
  131 00000000         
  132 00000000         
  133 00000000         
  134 00000000         
  135 00000000         
  136 00000000         
  137 00000000         #line   146              "..\\..\\..\\..\\..\\..\\firmwa
re\\platform\\board\\board_sn72096_9x9\\board.h"
  146 00000000         
  147 00000000         
  148 00000000         
  149 00000000         #line   156              "..\\..\\..\\..\\..\\..\\firmwa
re\\platform\\board\\board_sn72096_9x9\\board.h"
  156 00000000         
  157 00000000         
  158 00000000         #line   165              "..\\..\\..\\..\\..\\..\\firmwa
re\\platform\\board\\board_sn72096_9x9\\board.h"



ARM Macro Assembler    Page 6 


  165 00000000         
  166 00000000         
  167 00000000         
  168 00000000         
  169 00000000         
  170 00000000         
  171 00000000         
  172 00000000         
  173 00000000         
  174 00000000         
  175 00000000         
  176 00000000         
  177 00000000         
  178 00000000         
  179 00000000         #line   207              "..\\..\\..\\..\\..\\..\\firmwa
re\\platform\\board\\board_sn72096_9x9\\board.h"
  207 00000000         
  208 00000000         
  209 00000000         
  210 00000000         
  211 00000000         
  212 00000000         
  213 00000000         
  214 00000000         
  215 00000000         
  216 00000000         
  217 00000000         
  218 00000000         
  219 00000000         
  220 00000000         
  221 00000000         
  222 00000000         
  223 00000000         
  224 00000000         
  225 00000000         
  226 00000000         
  227 00000000         
  228 00000000         
  229 00000000         
  230 00000000         
  231 00000000         
  232 00000000         
  233 00000000         
  234 00000000         
  235 00000000         
  236 00000000         
  237 00000000         
  238 00000000         
  239 00000000         
  240 00000000         #line   47               "..\\..\\sn72096_9x9\\project.h
"
   47 00000000         
   48 00000000         
   49 00000000         
   50 00000000         
   51 00000000         
   52 00000000         
   53 00000000         
   54 00000000         



ARM Macro Assembler    Page 7 


   55 00000000         
   56 00000000         
   57 00000000         
   58 00000000         
   59 00000000         
   60 00000000         
   61 00000000         
   62 00000000         
   63 00000000         
   64 00000000         
   65 00000000         #line   71               "..\\..\\sn72096_9x9\\project.h
"
   71 00000000         
   72 00000000         #line   79               "..\\..\\sn72096_9x9\\project.h
"
   79 00000000         
   80 00000000         
   81 00000000         
   82 00000000         
   83 00000000         
   84 00000000         
   85 00000000         
   86 00000000         
   87 00000000         
   88 00000000         #line   200              "..\\..\\sn72096_9x9\\project.h
"
  200 00000000         
  201 00000000         
  202 00000000         
  203 00000000         
  204 00000000         
  205 00000000         #line   221              "..\\..\\sn72096_9x9\\project.h
"
  221 00000000         
  222 00000000         
  223 00000000         
  224 00000000         
  225 00000000         
  226 00000000         
  227 00000000         
  228 00000000         
  229 00000000         
  230 00000000         
  231 00000000         
  232 00000000         
  233 00000000         
  234 00000000         
  235 00000000         
  236 00000000         
  237 00000000         
  238 00000000         
  239 00000000         
  240 00000000         
  241 00000000         
  242 00000000         
  243 00000000         
  244 00000000         
  245 00000000         
  246 00000000         



ARM Macro Assembler    Page 8 


  247 00000000         
  248 00000000         
  249 00000000         
  250 00000000         
  251 00000000         
  252 00000000         
  253 00000000         
  254 00000000         
  255 00000000         
  256 00000000         
  257 00000000         
  258 00000000         
  259 00000000         
  260 00000000         
  261 00000000         
  262 00000000         
  263 00000000         
  264 00000000         
  265 00000000         
  266 00000000         
  267 00000000         
  268 00000000         
  269 00000000         
  270 00000000         
  271 00000000         #line   282              "..\\..\\sn72096_9x9\\project.h
"
  282 00000000         
  283 00000000         #line   23               "..\\..\\..\\..\\..\\..\\firmwa
re\\platform\\kl720\\scpu\\startup\\startup_asm.s"
   23 00000000         #line   1                "..\\..\\..\\..\\..\\include\\v
ersion.h"
    1 00000000         
    2 00000000         
    3 00000000         
    4 00000000         
    5 00000000         
    6 00000000         
    7 00000000         
    8 00000000         
    9 00000000         
   10 00000000         
   11 00000000         
   12 00000000         
   13 00000000         
   14 00000000         
   15 00000000         #line   24               "..\\..\\..\\..\\..\\..\\firmwa
re\\platform\\kl720\\scpu\\startup\\startup_asm.s"
   24 00000000         #line   1                "..\\..\\..\\..\\..\\include\\g
it_info.h"
    1 00000000         #line   25               "..\\..\\..\\..\\..\\..\\firmwa
re\\platform\\kl720\\scpu\\startup\\startup_asm.s"
   25 00000000         
   26 00000000 00001000 
                       Heap_Size
                               EQU              1024*4
   27 00000000         
   28 00000000                 IF               Heap_Size != 0 
                                                            ; Heap is provided
   29 00000000                 AREA             HEAP, NOINIT, READWRITE, ALIGN=



ARM Macro Assembler    Page 9 


3
   30 00000000         __heap_base
   31 00000000         Heap_Mem
                               SPACE            Heap_Size
   32 00001000         __heap_limit
   33 00001000                 ENDIF
   34 00001000         
   35 00001000 00001000 
                       Stack_Size
                               EQU              1024*4
   36 00001000         
   37 00001000                 AREA             STACK, NOINIT, READWRITE, ALIGN
=3
   38 00000000         __stack_limit
   39 00000000         Stack_Mem
                               SPACE            Stack_Size
   40 00001000         __initial_sp
   41 00001000         
   42 00001000                 PRESERVE8
   43 00001000                 THUMB
   44 00001000         
   45 00001000         ; Vector Table Mapped to Address 0 at Reset
   46 00001000         
   47 00001000                 AREA             VECTOR_TABLE, DATA, READONLY
   48 00000000         
   49 00000000                 EXPORT           __Vectors
   50 00000000                 EXPORT           __Vectors_End
   51 00000000                 EXPORT           __Vectors_Size
   52 00000000         
   53 00000000 00000000 
                       __Vectors
                               DCD              __initial_sp ;     Top of Stack
                                                            
   54 00000004 00000000        DCD              Reset_Handler 
                                                            ;     Reset Handler
                                                            
   55 00000008 00000000        DCD              NMI_Handler ; -14 NMI Handler
   56 0000000C 00000000        DCD              HardFault_Handler ; -13 Hard Fa
                                                            ult Handler
   57 00000010 00000000        DCD              MemManage_Handler ; -12 MPU Fau
                                                            lt Handler
   58 00000014 00000000        DCD              BusFault_Handler ; -11 Bus Faul
                                                            t Handler
   59 00000018 00000000        DCD              UsageFault_Handler ; -10 Usage 
                                                            Fault Handler
   60 0000001C 00000000        DCD              0           ;     Reserved
   61 00000020 00000000        DCD              0           ;     Reserved
   62 00000024 00000000        DCD              0           ;     Reserved
   63 00000028 00000000        DCD              0           ;     Reserved
   64 0000002C 00000000        DCD              SVC_Handler ;  -5 SVCall Handle
                                                            r
   65 00000030 00000000        DCD              DebugMon_Handler ;  -4 Debug Mo
                                                            nitor Handler
   66 00000034 00000000        DCD              0           ;     Reserved
   67 00000038 00000000        DCD              PendSV_Handler ;  -2 PendSV Han
                                                            dler
   68 0000003C 00000000        DCD              SysTick_Handler ;  -1 SysTick H
                                                            andler
   69 00000040         



ARM Macro Assembler    Page 10 


   70 00000040         ; External Interrupts
   71 00000040 00000000        DCD              SYS_IRQ_Handler ; IRQn = 0
   72 00000044 00000000        DCD              HW_TIMER0_IRQ_Handler 
                                                            ; IRQn = 1
   73 00000048 00000000        DCD              HW_TIMER1_IRQ_Handler 
                                                            ; IRQn = 2
   74 0000004C 00000000        DCD              HW_TIMER2_IRQ_Handler 
                                                            ; IRQn = 3
   75 00000050 00000000        DCD              HW_TIMER3_IRQ_Handler 
                                                            ; IRQn = 4
   76 00000054 00000000        DCD              PWM0_IRQ_Handler ; IRQn = 5
   77 00000058 00000000        DCD              PWM1_IRQ_Handler ; IRQn = 6
   78 0000005C 00000000        DCD              PWM2_IRQ_Handler ; IRQn = 7
   79 00000060 00000000        DCD              WDT_IRQ_Handler ; IRQn = 8
   80 00000064 00000000        DCD              SWI0_IRQ_Handler ; IRQn = 9
   81 00000068 00000000        DCD              TDC_IRQ_Handler ; IRQn = 10
   82 0000006C 00000000        DCD              GPIO_IRQ_Handler ; IRQn = 11
   83 00000070 00000000        DCD              DMA020_IRQ_Handler ; IRQn = 12
   84 00000074 00000000        DCD              DMA020_TC_IRQ_Handler 
                                                            ; IRQn = 13
   85 00000078 00000000        DCD              DMA020_ERR_IRQ_Handler 
                                                            ; IRQn = 14
   86 0000007C 00000000        DCD              I2C0_IRQ_Handler ; IRQn = 15
   87 00000080 00000000        DCD              I2C1_IRQ_Handler ; IRQn = 16
   88 00000084 00000000        DCD              I2C2_IRQ_Handler ; IRQn = 17
   89 00000088 00000000        DCD              UART0_IRQ_Handler ; IRQn = 18
   90 0000008C 00000000        DCD              UART1_IRQ_Handler ; IRQn = 19
   91 00000090 00000000        DCD              SSP0_IRQ_Handler ; IRQn = 20
   92 00000094 00000000        DCD              SSP1_IRQ_Handler ; IRQn = 21
   93 00000098 00000000        DCD              SPIF_IRQ_Handler ; IRQn = 22
   94 0000009C 00000000        DCD              SWI1_IRQ_Handler ; IRQn = 23
   95 000000A0 00000000        DCD              SWI2_IRQ_Handler ; IRQn = 24
   96 000000A4 00000000        DCD              SWI3_IRQ_Handler ; IRQn = 25
   97 000000A8 00000000        DCD              DMA030_IRQ_Handler ; IRQn = 26
   98 000000AC 00000000        DCD              DMA030_TC_IRQ_Handler 
                                                            ; IRQn = 27
   99 000000B0 00000000        DCD              DMA030_ERR_IRQ_Handler 
                                                            ; IRQn = 28
  100 000000B4 00000000        DCD              CSI_RX0_IRQ_Handler ; IRQn = 29
                                                            
  101 000000B8 00000000        DCD              D2A0_IRQ_Handler ; IRQn = 30
  102 000000BC 00000000        DCD              CSI_RX1_IRQ_Handler ; IRQn = 31
                                                            
  103 000000C0 00000000        DCD              D2A1_IRQ_Handler ; IRQn = 32
  104 000000C4 00000000        DCD              SGI_IRQ_Handler ; IRQn = 33
  105 000000C8 00000000        DCD              SWI4_IRQ_Handler ; IRQn = 34
  106 000000CC 00000000        DCD              SWI5_IRQ_Handler ; IRQn = 35
  107 000000D0 00000000        DCD              SWI6_IRQ_Handler ; IRQn = 36
  108 000000D4 00000000        DCD              SWI7_IRQ_Handler ; IRQn = 37
  109 000000D8 00000000        DCD              SWI8_IRQ_Handler ; IRQn = 38
  110 000000DC 00000000        DCD              SWI9_IRQ_Handler ; IRQn = 39
  111 000000E0 00000000        DCD              SWI10_IRQ_Handler ; IRQn = 40
  112 000000E4 00000000        DCD              DDR_IRQ_Handler ; IRQn = 41
  113 000000E8 00000000        DCD              AXIIC_IRQ_Handler ; IRQn = 42
  114 000000EC 00000000        DCD              H2X0_IRQ_Handler ; IRQn = 43
  115 000000F0 00000000        DCD              H2X1_IRQ_Handler ; IRQn = 44
  116 000000F4 00000000        DCD              H2X2_IRQ_Handler ; IRQn = 45
  117 000000F8                 IF               :DEF:_BOARD_SN720HAPS_H_
  121 000000F8 00000000        DCD              USB2_IRQ_Handler ; IRQn = 46



ARM Macro Assembler    Page 11 


  122 000000FC 00000000        DCD              USB3_IRQ_Handler ; IRQn = 47
  123 00000100                 ENDIF
  124 00000100 00000000        DCD              SDC0_IRQ_Handler ; IRQn = 48
  125 00000104 00000000        DCD              SDC1_IRQ_Handler ; IRQn = 49
  126 00000108 00000000        DCD              LCDC_IRQ_Handler ; IRQn = 50
  127 0000010C 00000000        DCD              LCDC_MERR_IRQ_Handler 
                                                            ; IRQn = 51
  128 00000110 00000000        DCD              LCDC_FIFO_IRQ_Handler 
                                                            ; IRQn = 52
  129 00000114 00000000        DCD              LCDC_BAUPD_IRQ_Handler 
                                                            ; IRQn = 53
  130 00000118 00000000        DCD              LCDC_VSTATUS_IRQ_Handler 
                                                            ; IRQn = 54
  131 0000011C 00000000        DCD              CRYPTO_IRQ_Handler ; IRQn = 55
  132 00000120 00000000        DCD              NPU0_IRQ_Handler ; IRQn = 56
  133 00000124 00000000        DCD              NPU1_IRQ_Handler ; IRQn = 57
  134 00000128 00000000        DCD              NPU2_IRQ_Handler ; IRQn = 58
  135 0000012C 00000000        DCD              NPU3_IRQ_Handler ; IRQn = 59
  136 00000130 00000000        DCD              NPU4_IRQ_Handler ; IRQn = 60
  137 00000134 00000000        DCD              NPU5_IRQ_Handler ; IRQn = 61
  138 00000138 00000000        DCD              NPU6_IRQ_Handler ; IRQn = 62
  139 0000013C 00000000        DCD              NPU7_IRQ_Handler ; IRQn = 63
  140 00000140         
  141 00000140         __Vectors_End
  142 00000140 00000140 
                       __Vectors_Size
                               EQU              __Vectors_End - __Vectors
  143 00000140         
  144 00000140         ;*********************
  145 00000140         ;  scpu image header *
  146 00000140         ;*********************
  147 00000140                 AREA             IMAGE_HEADER, DATA, READONLY
  148 00000000                 IMPORT           |Load$$LR$$SCPU$$Length|
  149 00000000         
  150 00000000 30 37 32 
              30               DCB              "0720"      ;4 bytes chip name
  151 00000004 53 43 50 
              55               DCB              "SCPU"      ;4 bytes image name
                                                            
  152 00000008 02010000        DCD              ((0x02<<24)+(0x01<<16)+(0x00<<8
)+(0x00)) 
                                                            ;4 bytes version: 0
                                                            xAABBCCDD, AA=major
                                                            , BB=minor, CC=upda
                                                            te, DD=reserve
  153 0000000C FFFFFFFF        DCD              0xFFFFFFFF  ;4 bytes version, s
                                                            hort git version
  154 00000010 00000000        DCD              |Load$$LR$$SCPU$$Length| 
                                                            ;4 bytes image size
                                                            
  155 00000014 00000069        DCD              105         ;4 bytes version: b
                                                            uild date
  156 00000018 FFFFFFFF        DCD              0xFFFFFFFF  ;4 bytes flag for f
                                                            uture usage
  157 0000001C         
  158 0000001C         ;****************
  159 0000001C         ;   Startup     *
  160 0000001C         ;****************
  161 0000001C                 AREA             |.text|, CODE, READONLY



ARM Macro Assembler    Page 12 


  162 00000000         ; Reset Handler
  163 00000000         Reset_Handler
                               PROC
  164 00000000                 EXPORT           Reset_Handler             [WEAK
]
  165 00000000                 IMPORT           StartupInit
  166 00000000                 IMPORT           __main
  167 00000000         
  168 00000000 4827            LDR              R0, =__initial_sp
  169 00000002 4685            MOV              SP, R0
  170 00000004 4827            LDR              R0, =StartupInit
  171 00000006 4780            BLX              R0
  172 00000008 4827            LDR              R0, =__main
  173 0000000A 4700            BX               R0
  174 0000000C                 ENDP
  175 0000000C         
  176 0000000C         
  177 0000000C         ; Macro to define default exception/interrupt handlers.
  178 0000000C         ; Default handler are weak symbols with an endless loop.
                       
  179 0000000C         ; They can be overwritten by real handlers.
  180 0000000C                 MACRO
  181 0000000C                 Set_Default_Handler
                                                $Handler_Name
  182 0000000C         $Handler_Name
                               PROC
  183 0000000C                 EXPORT           $Handler_Name             [WEAK
]
  184 0000000C                 B                .
  185 0000000C                 ENDP
  186 0000000C                 MEND
  187 0000000C         
  188 0000000C         
  189 0000000C         ; Default exception/interrupt handler
  190 0000000C         
  191 0000000C                 Set_Default_Handler
                                                NMI_Handler
  182 0000000C         NMI_Handler
                               PROC
  183 0000000C                 EXPORT           NMI_Handler             [WEAK]
  184 0000000C E7FE            B                .
  185 0000000E                 ENDP
  192 0000000E                 Set_Default_Handler
                                                HardFault_Handler
  182 0000000E         HardFault_Handler
                               PROC
  183 0000000E                 EXPORT           HardFault_Handler             [
WEAK]
  184 0000000E E7FE            B                .
  185 00000010                 ENDP
  193 00000010                 Set_Default_Handler
                                                MemManage_Handler
  182 00000010         MemManage_Handler
                               PROC
  183 00000010                 EXPORT           MemManage_Handler             [
WEAK]
  184 00000010 E7FE            B                .
  185 00000012                 ENDP
  194 00000012                 Set_Default_Handler



ARM Macro Assembler    Page 13 


                                                BusFault_Handler
  182 00000012         BusFault_Handler
                               PROC
  183 00000012                 EXPORT           BusFault_Handler             [W
EAK]
  184 00000012 E7FE            B                .
  185 00000014                 ENDP
  195 00000014                 Set_Default_Handler
                                                UsageFault_Handler
  182 00000014         UsageFault_Handler
                               PROC
  183 00000014                 EXPORT           UsageFault_Handler             
[WEAK]
  184 00000014 E7FE            B                .
  185 00000016                 ENDP
  196 00000016                 Set_Default_Handler
                                                SVC_Handler
  182 00000016         SVC_Handler
                               PROC
  183 00000016                 EXPORT           SVC_Handler             [WEAK]
  184 00000016 E7FE            B                .
  185 00000018                 ENDP
  197 00000018                 Set_Default_Handler
                                                DebugMon_Handler
  182 00000018         DebugMon_Handler
                               PROC
  183 00000018                 EXPORT           DebugMon_Handler             [W
EAK]
  184 00000018 E7FE            B                .
  185 0000001A                 ENDP
  198 0000001A                 Set_Default_Handler
                                                PendSV_Handler
  182 0000001A         PendSV_Handler
                               PROC
  183 0000001A                 EXPORT           PendSV_Handler             [WEA
K]
  184 0000001A E7FE            B                .
  185 0000001C                 ENDP
  199 0000001C                 Set_Default_Handler
                                                SysTick_Handler
  182 0000001C         SysTick_Handler
                               PROC
  183 0000001C                 EXPORT           SysTick_Handler             [WE
AK]
  184 0000001C E7FE            B                .
  185 0000001E                 ENDP
  200 0000001E         
  201 0000001E                 Set_Default_Handler
                                                SYS_IRQ_Handler
  182 0000001E         SYS_IRQ_Handler
                               PROC
  183 0000001E                 EXPORT           SYS_IRQ_Handler             [WE
AK]
  184 0000001E E7FE            B                .
  185 00000020                 ENDP
  202 00000020                 Set_Default_Handler
                                                HW_TIMER0_IRQ_Handler
  182 00000020         HW_TIMER0_IRQ_Handler
                               PROC



ARM Macro Assembler    Page 14 


  183 00000020                 EXPORT           HW_TIMER0_IRQ_Handler          
   [WEAK]
  184 00000020 E7FE            B                .
  185 00000022                 ENDP
  203 00000022                 Set_Default_Handler
                                                HW_TIMER1_IRQ_Handler
  182 00000022         HW_TIMER1_IRQ_Handler
                               PROC
  183 00000022                 EXPORT           HW_TIMER1_IRQ_Handler          
   [WEAK]
  184 00000022 E7FE            B                .
  185 00000024                 ENDP
  204 00000024                 Set_Default_Handler
                                                HW_TIMER2_IRQ_Handler
  182 00000024         HW_TIMER2_IRQ_Handler
                               PROC
  183 00000024                 EXPORT           HW_TIMER2_IRQ_Handler          
   [WEAK]
  184 00000024 E7FE            B                .
  185 00000026                 ENDP
  205 00000026                 Set_Default_Handler
                                                HW_TIMER3_IRQ_Handler
  182 00000026         HW_TIMER3_IRQ_Handler
                               PROC
  183 00000026                 EXPORT           HW_TIMER3_IRQ_Handler          
   [WEAK]
  184 00000026 E7FE            B                .
  185 00000028                 ENDP
  206 00000028                 Set_Default_Handler
                                                PWM0_IRQ_Handler
  182 00000028         PWM0_IRQ_Handler
                               PROC
  183 00000028                 EXPORT           PWM0_IRQ_Handler             [W
EAK]
  184 00000028 E7FE            B                .
  185 0000002A                 ENDP
  207 0000002A                 Set_Default_Handler
                                                PWM1_IRQ_Handler
  182 0000002A         PWM1_IRQ_Handler
                               PROC
  183 0000002A                 EXPORT           PWM1_IRQ_Handler             [W
EAK]
  184 0000002A E7FE            B                .
  185 0000002C                 ENDP
  208 0000002C                 Set_Default_Handler
                                                PWM2_IRQ_Handler
  182 0000002C         PWM2_IRQ_Handler
                               PROC
  183 0000002C                 EXPORT           PWM2_IRQ_Handler             [W
EAK]
  184 0000002C E7FE            B                .
  185 0000002E                 ENDP
  209 0000002E                 Set_Default_Handler
                                                WDT_IRQ_Handler
  182 0000002E         WDT_IRQ_Handler
                               PROC
  183 0000002E                 EXPORT           WDT_IRQ_Handler             [WE
AK]
  184 0000002E E7FE            B                .



ARM Macro Assembler    Page 15 


  185 00000030                 ENDP
  210 00000030                 Set_Default_Handler
                                                SWI0_IRQ_Handler
  182 00000030         SWI0_IRQ_Handler
                               PROC
  183 00000030                 EXPORT           SWI0_IRQ_Handler             [W
EAK]
  184 00000030 E7FE            B                .
  185 00000032                 ENDP
  211 00000032                 Set_Default_Handler
                                                TDC_IRQ_Handler
  182 00000032         TDC_IRQ_Handler
                               PROC
  183 00000032                 EXPORT           TDC_IRQ_Handler             [WE
AK]
  184 00000032 E7FE            B                .
  185 00000034                 ENDP
  212 00000034                 Set_Default_Handler
                                                GPIO_IRQ_Handler
  182 00000034         GPIO_IRQ_Handler
                               PROC
  183 00000034                 EXPORT           GPIO_IRQ_Handler             [W
EAK]
  184 00000034 E7FE            B                .
  185 00000036                 ENDP
  213 00000036                 Set_Default_Handler
                                                DMA020_IRQ_Handler
  182 00000036         DMA020_IRQ_Handler
                               PROC
  183 00000036                 EXPORT           DMA020_IRQ_Handler             
[WEAK]
  184 00000036 E7FE            B                .
  185 00000038                 ENDP
  214 00000038                 Set_Default_Handler
                                                DMA020_TC_IRQ_Handler
  182 00000038         DMA020_TC_IRQ_Handler
                               PROC
  183 00000038                 EXPORT           DMA020_TC_IRQ_Handler          
   [WEAK]
  184 00000038 E7FE            B                .
  185 0000003A                 ENDP
  215 0000003A                 Set_Default_Handler
                                                DMA020_ERR_IRQ_Handler
  182 0000003A         DMA020_ERR_IRQ_Handler
                               PROC
  183 0000003A                 EXPORT           DMA020_ERR_IRQ_Handler         
    [WEAK]
  184 0000003A E7FE            B                .
  185 0000003C                 ENDP
  216 0000003C                 Set_Default_Handler
                                                I2C0_IRQ_Handler
  182 0000003C         I2C0_IRQ_Handler
                               PROC
  183 0000003C                 EXPORT           I2C0_IRQ_Handler             [W
EAK]
  184 0000003C E7FE            B                .
  185 0000003E                 ENDP
  217 0000003E                 Set_Default_Handler
                                                I2C1_IRQ_Handler



ARM Macro Assembler    Page 16 


  182 0000003E         I2C1_IRQ_Handler
                               PROC
  183 0000003E                 EXPORT           I2C1_IRQ_Handler             [W
EAK]
  184 0000003E E7FE            B                .
  185 00000040                 ENDP
  218 00000040                 Set_Default_Handler
                                                I2C2_IRQ_Handler
  182 00000040         I2C2_IRQ_Handler
                               PROC
  183 00000040                 EXPORT           I2C2_IRQ_Handler             [W
EAK]
  184 00000040 E7FE            B                .
  185 00000042                 ENDP
  219 00000042                 Set_Default_Handler
                                                UART0_IRQ_Handler
  182 00000042         UART0_IRQ_Handler
                               PROC
  183 00000042                 EXPORT           UART0_IRQ_Handler             [
WEAK]
  184 00000042 E7FE            B                .
  185 00000044                 ENDP
  220 00000044                 Set_Default_Handler
                                                UART1_IRQ_Handler
  182 00000044         UART1_IRQ_Handler
                               PROC
  183 00000044                 EXPORT           UART1_IRQ_Handler             [
WEAK]
  184 00000044 E7FE            B                .
  185 00000046                 ENDP
  221 00000046                 Set_Default_Handler
                                                SSP0_IRQ_Handler
  182 00000046         SSP0_IRQ_Handler
                               PROC
  183 00000046                 EXPORT           SSP0_IRQ_Handler             [W
EAK]
  184 00000046 E7FE            B                .
  185 00000048                 ENDP
  222 00000048                 Set_Default_Handler
                                                SSP1_IRQ_Handler
  182 00000048         SSP1_IRQ_Handler
                               PROC
  183 00000048                 EXPORT           SSP1_IRQ_Handler             [W
EAK]
  184 00000048 E7FE            B                .
  185 0000004A                 ENDP
  223 0000004A                 Set_Default_Handler
                                                SPIF_IRQ_Handler
  182 0000004A         SPIF_IRQ_Handler
                               PROC
  183 0000004A                 EXPORT           SPIF_IRQ_Handler             [W
EAK]
  184 0000004A E7FE            B                .
  185 0000004C                 ENDP
  224 0000004C                 Set_Default_Handler
                                                SWI1_IRQ_Handler
  182 0000004C         SWI1_IRQ_Handler
                               PROC
  183 0000004C                 EXPORT           SWI1_IRQ_Handler             [W



ARM Macro Assembler    Page 17 


EAK]
  184 0000004C E7FE            B                .
  185 0000004E                 ENDP
  225 0000004E                 Set_Default_Handler
                                                SWI2_IRQ_Handler
  182 0000004E         SWI2_IRQ_Handler
                               PROC
  183 0000004E                 EXPORT           SWI2_IRQ_Handler             [W
EAK]
  184 0000004E E7FE            B                .
  185 00000050                 ENDP
  226 00000050                 Set_Default_Handler
                                                SWI3_IRQ_Handler
  182 00000050         SWI3_IRQ_Handler
                               PROC
  183 00000050                 EXPORT           SWI3_IRQ_Handler             [W
EAK]
  184 00000050 E7FE            B                .
  185 00000052                 ENDP
  227 00000052                 Set_Default_Handler
                                                DMA030_IRQ_Handler
  182 00000052         DMA030_IRQ_Handler
                               PROC
  183 00000052                 EXPORT           DMA030_IRQ_Handler             
[WEAK]
  184 00000052 E7FE            B                .
  185 00000054                 ENDP
  228 00000054                 Set_Default_Handler
                                                DMA030_TC_IRQ_Handler
  182 00000054         DMA030_TC_IRQ_Handler
                               PROC
  183 00000054                 EXPORT           DMA030_TC_IRQ_Handler          
   [WEAK]
  184 00000054 E7FE            B                .
  185 00000056                 ENDP
  229 00000056                 Set_Default_Handler
                                                DMA030_ERR_IRQ_Handler
  182 00000056         DMA030_ERR_IRQ_Handler
                               PROC
  183 00000056                 EXPORT           DMA030_ERR_IRQ_Handler         
    [WEAK]
  184 00000056 E7FE            B                .
  185 00000058                 ENDP
  230 00000058                 Set_Default_Handler
                                                CSI_RX0_IRQ_Handler
  182 00000058         CSI_RX0_IRQ_Handler
                               PROC
  183 00000058                 EXPORT           CSI_RX0_IRQ_Handler            
 [WEAK]
  184 00000058 E7FE            B                .
  185 0000005A                 ENDP
  231 0000005A                 Set_Default_Handler
                                                D2A0_IRQ_Handler
  182 0000005A         D2A0_IRQ_Handler
                               PROC
  183 0000005A                 EXPORT           D2A0_IRQ_Handler             [W
EAK]
  184 0000005A E7FE            B                .
  185 0000005C                 ENDP



ARM Macro Assembler    Page 18 


  232 0000005C                 Set_Default_Handler
                                                CSI_RX1_IRQ_Handler
  182 0000005C         CSI_RX1_IRQ_Handler
                               PROC
  183 0000005C                 EXPORT           CSI_RX1_IRQ_Handler            
 [WEAK]
  184 0000005C E7FE            B                .
  185 0000005E                 ENDP
  233 0000005E                 Set_Default_Handler
                                                D2A1_IRQ_Handler
  182 0000005E         D2A1_IRQ_Handler
                               PROC
  183 0000005E                 EXPORT           D2A1_IRQ_Handler             [W
EAK]
  184 0000005E E7FE            B                .
  185 00000060                 ENDP
  234 00000060                 Set_Default_Handler
                                                SGI_IRQ_Handler
  182 00000060         SGI_IRQ_Handler
                               PROC
  183 00000060                 EXPORT           SGI_IRQ_Handler             [WE
AK]
  184 00000060 E7FE            B                .
  185 00000062                 ENDP
  235 00000062                 Set_Default_Handler
                                                SWI4_IRQ_Handler
  182 00000062         SWI4_IRQ_Handler
                               PROC
  183 00000062                 EXPORT           SWI4_IRQ_Handler             [W
EAK]
  184 00000062 E7FE            B                .
  185 00000064                 ENDP
  236 00000064                 Set_Default_Handler
                                                SWI5_IRQ_Handler
  182 00000064         SWI5_IRQ_Handler
                               PROC
  183 00000064                 EXPORT           SWI5_IRQ_Handler             [W
EAK]
  184 00000064 E7FE            B                .
  185 00000066                 ENDP
  237 00000066                 Set_Default_Handler
                                                SWI6_IRQ_Handler
  182 00000066         SWI6_IRQ_Handler
                               PROC
  183 00000066                 EXPORT           SWI6_IRQ_Handler             [W
EAK]
  184 00000066 E7FE            B                .
  185 00000068                 ENDP
  238 00000068                 Set_Default_Handler
                                                SWI7_IRQ_Handler
  182 00000068         SWI7_IRQ_Handler
                               PROC
  183 00000068                 EXPORT           SWI7_IRQ_Handler             [W
EAK]
  184 00000068 E7FE            B                .
  185 0000006A                 ENDP
  239 0000006A                 Set_Default_Handler
                                                SWI8_IRQ_Handler
  182 0000006A         SWI8_IRQ_Handler



ARM Macro Assembler    Page 19 


                               PROC
  183 0000006A                 EXPORT           SWI8_IRQ_Handler             [W
EAK]
  184 0000006A E7FE            B                .
  185 0000006C                 ENDP
  240 0000006C                 Set_Default_Handler
                                                SWI9_IRQ_Handler
  182 0000006C         SWI9_IRQ_Handler
                               PROC
  183 0000006C                 EXPORT           SWI9_IRQ_Handler             [W
EAK]
  184 0000006C E7FE            B                .
  185 0000006E                 ENDP
  241 0000006E                 Set_Default_Handler
                                                SWI10_IRQ_Handler
  182 0000006E         SWI10_IRQ_Handler
                               PROC
  183 0000006E                 EXPORT           SWI10_IRQ_Handler             [
WEAK]
  184 0000006E E7FE            B                .
  185 00000070                 ENDP
  242 00000070                 Set_Default_Handler
                                                DDR_IRQ_Handler
  182 00000070         DDR_IRQ_Handler
                               PROC
  183 00000070                 EXPORT           DDR_IRQ_Handler             [WE
AK]
  184 00000070 E7FE            B                .
  185 00000072                 ENDP
  243 00000072                 Set_Default_Handler
                                                AXIIC_IRQ_Handler
  182 00000072         AXIIC_IRQ_Handler
                               PROC
  183 00000072                 EXPORT           AXIIC_IRQ_Handler             [
WEAK]
  184 00000072 E7FE            B                .
  185 00000074                 ENDP
  244 00000074                 Set_Default_Handler
                                                H2X0_IRQ_Handler
  182 00000074         H2X0_IRQ_Handler
                               PROC
  183 00000074                 EXPORT           H2X0_IRQ_Handler             [W
EAK]
  184 00000074 E7FE            B                .
  185 00000076                 ENDP
  245 00000076                 Set_Default_Handler
                                                H2X1_IRQ_Handler
  182 00000076         H2X1_IRQ_Handler
                               PROC
  183 00000076                 EXPORT           H2X1_IRQ_Handler             [W
EAK]
  184 00000076 E7FE            B                .
  185 00000078                 ENDP
  246 00000078                 Set_Default_Handler
                                                H2X2_IRQ_Handler
  182 00000078         H2X2_IRQ_Handler
                               PROC
  183 00000078                 EXPORT           H2X2_IRQ_Handler             [W
EAK]



ARM Macro Assembler    Page 20 


  184 00000078 E7FE            B                .
  185 0000007A                 ENDP
  247 0000007A                 Set_Default_Handler
                                                USB2_IRQ_Handler
  182 0000007A         USB2_IRQ_Handler
                               PROC
  183 0000007A                 EXPORT           USB2_IRQ_Handler             [W
EAK]
  184 0000007A E7FE            B                .
  185 0000007C                 ENDP
  248 0000007C                 Set_Default_Handler
                                                USB3_IRQ_Handler
  182 0000007C         USB3_IRQ_Handler
                               PROC
  183 0000007C                 EXPORT           USB3_IRQ_Handler             [W
EAK]
  184 0000007C E7FE            B                .
  185 0000007E                 ENDP
  249 0000007E                 Set_Default_Handler
                                                SDC0_IRQ_Handler
  182 0000007E         SDC0_IRQ_Handler
                               PROC
  183 0000007E                 EXPORT           SDC0_IRQ_Handler             [W
EAK]
  184 0000007E E7FE            B                .
  185 00000080                 ENDP
  250 00000080                 Set_Default_Handler
                                                SDC1_IRQ_Handler
  182 00000080         SDC1_IRQ_Handler
                               PROC
  183 00000080                 EXPORT           SDC1_IRQ_Handler             [W
EAK]
  184 00000080 E7FE            B                .
  185 00000082                 ENDP
  251 00000082                 Set_Default_Handler
                                                LCDC_IRQ_Handler
  182 00000082         LCDC_IRQ_Handler
                               PROC
  183 00000082                 EXPORT           LCDC_IRQ_Handler             [W
EAK]
  184 00000082 E7FE            B                .
  185 00000084                 ENDP
  252 00000084                 Set_Default_Handler
                                                LCDC_MERR_IRQ_Handler
  182 00000084         LCDC_MERR_IRQ_Handler
                               PROC
  183 00000084                 EXPORT           LCDC_MERR_IRQ_Handler          
   [WEAK]
  184 00000084 E7FE            B                .
  185 00000086                 ENDP
  253 00000086                 Set_Default_Handler
                                                LCDC_FIFO_IRQ_Handler
  182 00000086         LCDC_FIFO_IRQ_Handler
                               PROC
  183 00000086                 EXPORT           LCDC_FIFO_IRQ_Handler          
   [WEAK]
  184 00000086 E7FE            B                .
  185 00000088                 ENDP
  254 00000088                 Set_Default_Handler



ARM Macro Assembler    Page 21 


                                                LCDC_BAUPD_IRQ_Handler
  182 00000088         LCDC_BAUPD_IRQ_Handler
                               PROC
  183 00000088                 EXPORT           LCDC_BAUPD_IRQ_Handler         
    [WEAK]
  184 00000088 E7FE            B                .
  185 0000008A                 ENDP
  255 0000008A                 Set_Default_Handler
                                                LCDC_VSTATUS_IRQ_Handler
  182 0000008A         LCDC_VSTATUS_IRQ_Handler
                               PROC
  183 0000008A                 EXPORT           LCDC_VSTATUS_IRQ_Handler       
      [WEAK]
  184 0000008A E7FE            B                .
  185 0000008C                 ENDP
  256 0000008C                 Set_Default_Handler
                                                CRYPTO_IRQ_Handler
  182 0000008C         CRYPTO_IRQ_Handler
                               PROC
  183 0000008C                 EXPORT           CRYPTO_IRQ_Handler             
[WEAK]
  184 0000008C E7FE            B                .
  185 0000008E                 ENDP
  257 0000008E                 Set_Default_Handler
                                                NPU0_IRQ_Handler
  182 0000008E         NPU0_IRQ_Handler
                               PROC
  183 0000008E                 EXPORT           NPU0_IRQ_Handler             [W
EAK]
  184 0000008E E7FE            B                .
  185 00000090                 ENDP
  258 00000090                 Set_Default_Handler
                                                NPU1_IRQ_Handler
  182 00000090         NPU1_IRQ_Handler
                               PROC
  183 00000090                 EXPORT           NPU1_IRQ_Handler             [W
EAK]
  184 00000090 E7FE            B                .
  185 00000092                 ENDP
  259 00000092                 Set_Default_Handler
                                                NPU2_IRQ_Handler
  182 00000092         NPU2_IRQ_Handler
                               PROC
  183 00000092                 EXPORT           NPU2_IRQ_Handler             [W
EAK]
  184 00000092 E7FE            B                .
  185 00000094                 ENDP
  260 00000094                 Set_Default_Handler
                                                NPU3_IRQ_Handler
  182 00000094         NPU3_IRQ_Handler
                               PROC
  183 00000094                 EXPORT           NPU3_IRQ_Handler             [W
EAK]
  184 00000094 E7FE            B                .
  185 00000096                 ENDP
  261 00000096                 Set_Default_Handler
                                                NPU4_IRQ_Handler
  182 00000096         NPU4_IRQ_Handler
                               PROC



ARM Macro Assembler    Page 22 


  183 00000096                 EXPORT           NPU4_IRQ_Handler             [W
EAK]
  184 00000096 E7FE            B                .
  185 00000098                 ENDP
  262 00000098                 Set_Default_Handler
                                                NPU5_IRQ_Handler
  182 00000098         NPU5_IRQ_Handler
                               PROC
  183 00000098                 EXPORT           NPU5_IRQ_Handler             [W
EAK]
  184 00000098 E7FE            B                .
  185 0000009A                 ENDP
  263 0000009A                 Set_Default_Handler
                                                NPU6_IRQ_Handler
  182 0000009A         NPU6_IRQ_Handler
                               PROC
  183 0000009A                 EXPORT           NPU6_IRQ_Handler             [W
EAK]
  184 0000009A E7FE            B                .
  185 0000009C                 ENDP
  264 0000009C                 Set_Default_Handler
                                                NPU7_IRQ_Handler
  182 0000009C         NPU7_IRQ_Handler
                               PROC
  183 0000009C                 EXPORT           NPU7_IRQ_Handler             [W
EAK]
  184 0000009C E7FE            B                .
  185 0000009E                 ENDP
  265 0000009E         
  266 0000009E 00 00           ALIGN
  267 000000A0         
  268 000000A0         
  269 000000A0         ; User setup Stack & Heap
  270 000000A0         
  271 000000A0                 IF               :LNOT::DEF:__MICROLIB
  274                          ENDIF
  275 000000A0         
  276 000000A0                 EXPORT           __stack_limit
  277 000000A0                 EXPORT           __initial_sp
  278 000000A0                 IF               Heap_Size != 0 
                                                            ; Heap is provided
  279 000000A0                 EXPORT           __heap_base
  280 000000A0                 EXPORT           __heap_limit
  281 000000A0                 ENDIF
  282 000000A0         
  283 000000A0                 END
              00000000 
              00000000 
              00000000 
Command Line: --debug --xref --cpreproc --diag_suppress=9931 --cpu=Cortex-M4.fp
.sp --apcs=interwork --depend=.\objects\startup_asm.d -o.\objects\startup_asm.o
 -I..\..\sn72096_9x9 -I..\..\..\..\..\..\firmware\platform\kl720\common -I..\..
\..\..\..\..\firmware\platform\board\board_sn72096_9x9 -I..\..\..\..\..\include
 -ID:\Users\admin\AppData\Local\Arm\Packs\ARM\CMSIS\5.8.0\Device\ARM\ARMCM4\Inc
lude --predefine="__MICROLIB SETA 1" --predefine="__UVISION_VERSION SETA 536" -
-predefine="ARMCM4_FP SETA 1" --list=.\listings\startup_asm.lst ..\..\..\..\..\
..\firmware\platform\kl720\scpu\startup\startup_asm.s



ARM Macro Assembler    Page 1 Alphabetic symbol ordering
Relocatable symbols

HEAP 00000000

Symbol: HEAP
   Definitions
      At line 29 in file ..\\..\\..\\..\\..\\..\\firmware\\platform\\kl720\\scp
u\\startup\\startup_asm.s
   Uses
      None
Comment: HEAP unused
Heap_Mem 00000000

Symbol: Heap_Mem
   Definitions
      At line 31 in file ..\\..\\..\\..\\..\\..\\firmware\\platform\\kl720\\scp
u\\startup\\startup_asm.s
   Uses
      None
Comment: Heap_Mem unused
__heap_base 00000000

Symbol: __heap_base
   Definitions
      At line 30 in file ..\\..\\..\\..\\..\\..\\firmware\\platform\\kl720\\scp
u\\startup\\startup_asm.s
   Uses
      At line 279 in file ..\\..\\..\\..\\..\\..\\firmware\\platform\\kl720\\sc
pu\\startup\\startup_asm.s
Comment: __heap_base used once
__heap_limit 00001000

Symbol: __heap_limit
   Definitions
      At line 32 in file ..\\..\\..\\..\\..\\..\\firmware\\platform\\kl720\\scp
u\\startup\\startup_asm.s
   Uses
      At line 280 in file ..\\..\\..\\..\\..\\..\\firmware\\platform\\kl720\\sc
pu\\startup\\startup_asm.s
Comment: __heap_limit used once
4 symbols



ARM Macro Assembler    Page 1 Alphabetic symbol ordering
Relocatable symbols

STACK 00000000

Symbol: STACK
   Definitions
      At line 37 in file ..\\..\\..\\..\\..\\..\\firmware\\platform\\kl720\\scp
u\\startup\\startup_asm.s
   Uses
      None
Comment: STACK unused
Stack_Mem 00000000

Symbol: Stack_Mem
   Definitions
      At line 39 in file ..\\..\\..\\..\\..\\..\\firmware\\platform\\kl720\\scp
u\\startup\\startup_asm.s
   Uses
      None
Comment: Stack_Mem unused
__initial_sp 00001000

Symbol: __initial_sp
   Definitions
      At line 40 in file ..\\..\\..\\..\\..\\..\\firmware\\platform\\kl720\\scp
u\\startup\\startup_asm.s
   Uses
      At line 53 in file ..\\..\\..\\..\\..\\..\\firmware\\platform\\kl720\\scp
u\\startup\\startup_asm.s
      At line 168 in file ..\\..\\..\\..\\..\\..\\firmware\\platform\\kl720\\sc
pu\\startup\\startup_asm.s
      At line 277 in file ..\\..\\..\\..\\..\\..\\firmware\\platform\\kl720\\sc
pu\\startup\\startup_asm.s

__stack_limit 00000000

Symbol: __stack_limit
   Definitions
      At line 38 in file ..\\..\\..\\..\\..\\..\\firmware\\platform\\kl720\\scp
u\\startup\\startup_asm.s
   Uses
      At line 276 in file ..\\..\\..\\..\\..\\..\\firmware\\platform\\kl720\\sc
pu\\startup\\startup_asm.s
Comment: __stack_limit used once
4 symbols



ARM Macro Assembler    Page 1 Alphabetic symbol ordering
Relocatable symbols

VECTOR_TABLE 00000000

Symbol: VECTOR_TABLE
   Definitions
      At line 47 in file ..\\..\\..\\..\\..\\..\\firmware\\platform\\kl720\\scp
u\\startup\\startup_asm.s
   Uses
      None
Comment: VECTOR_TABLE unused
__Vectors 00000000

Symbol: __Vectors
   Definitions
      At line 53 in file ..\\..\\..\\..\\..\\..\\firmware\\platform\\kl720\\scp
u\\startup\\startup_asm.s
   Uses
      At line 49 in file ..\\..\\..\\..\\..\\..\\firmware\\platform\\kl720\\scp
u\\startup\\startup_asm.s
      At line 142 in file ..\\..\\..\\..\\..\\..\\firmware\\platform\\kl720\\sc
pu\\startup\\startup_asm.s

__Vectors_End 00000140

Symbol: __Vectors_End
   Definitions
      At line 141 in file ..\\..\\..\\..\\..\\..\\firmware\\platform\\kl720\\sc
pu\\startup\\startup_asm.s
   Uses
      At line 50 in file ..\\..\\..\\..\\..\\..\\firmware\\platform\\kl720\\scp
u\\startup\\startup_asm.s
      At line 142 in file ..\\..\\..\\..\\..\\..\\firmware\\platform\\kl720\\sc
pu\\startup\\startup_asm.s

3 symbols



ARM Macro Assembler    Page 1 Alphabetic symbol ordering
Relocatable symbols

IMAGE_HEADER 00000000

Symbol: IMAGE_HEADER
   Definitions
      At line 147 in file ..\\..\\..\\..\\..\\..\\firmware\\platform\\kl720\\sc
pu\\startup\\startup_asm.s
   Uses
      None
Comment: IMAGE_HEADER unused
1 symbol



ARM Macro Assembler    Page 1 Alphabetic symbol ordering
Relocatable symbols

.text 00000000

Symbol: .text
   Definitions
      At line 161 in file ..\\..\\..\\..\\..\\..\\firmware\\platform\\kl720\\sc
pu\\startup\\startup_asm.s
   Uses
      None
Comment: .text unused
AXIIC_IRQ_Handler 00000072

Symbol: AXIIC_IRQ_Handler
   Definitions
      At line 182 in macro Set_Default_Handler
      at line 243 in file ..\\..\\..\\..\\..\\..\\firmware\\platform\\kl720\\sc
pu\\startup\\startup_asm.s
   Uses
      At line 113 in file ..\\..\\..\\..\\..\\..\\firmware\\platform\\kl720\\sc
pu\\startup\\startup_asm.s
      At line 183 in macro Set_Default_Handler
      at line 243 in file ..\\..\\..\\..\\..\\..\\firmware\\platform\\kl720\\sc
pu\\startup\\startup_asm.s

BusFault_Handler 00000012

Symbol: BusFault_Handler
   Definitions
      At line 182 in macro Set_Default_Handler
      at line 194 in file ..\\..\\..\\..\\..\\..\\firmware\\platform\\kl720\\sc
pu\\startup\\startup_asm.s
   Uses
      At line 58 in file ..\\..\\..\\..\\..\\..\\firmware\\platform\\kl720\\scp
u\\startup\\startup_asm.s
      At line 183 in macro Set_Default_Handler
      at line 194 in file ..\\..\\..\\..\\..\\..\\firmware\\platform\\kl720\\sc
pu\\startup\\startup_asm.s

CRYPTO_IRQ_Handler 0000008C

Symbol: CRYPTO_IRQ_Handler
   Definitions
      At line 182 in macro Set_Default_Handler
      at line 256 in file ..\\..\\..\\..\\..\\..\\firmware\\platform\\kl720\\sc
pu\\startup\\startup_asm.s
   Uses
      At line 131 in file ..\\..\\..\\..\\..\\..\\firmware\\platform\\kl720\\sc
pu\\startup\\startup_asm.s
      At line 183 in macro Set_Default_Handler
      at line 256 in file ..\\..\\..\\..\\..\\..\\firmware\\platform\\kl720\\sc
pu\\startup\\startup_asm.s

CSI_RX0_IRQ_Handler 00000058

Symbol: CSI_RX0_IRQ_Handler
   Definitions
      At line 182 in macro Set_Default_Handler
      at line 230 in file ..\\..\\..\\..\\..\\..\\firmware\\platform\\kl720\\sc
pu\\startup\\startup_asm.s
   Uses



ARM Macro Assembler    Page 2 Alphabetic symbol ordering
Relocatable symbols

      At line 100 in file ..\\..\\..\\..\\..\\..\\firmware\\platform\\kl720\\sc
pu\\startup\\startup_asm.s
      At line 183 in macro Set_Default_Handler
      at line 230 in file ..\\..\\..\\..\\..\\..\\firmware\\platform\\kl720\\sc
pu\\startup\\startup_asm.s

CSI_RX1_IRQ_Handler 0000005C

Symbol: CSI_RX1_IRQ_Handler
   Definitions
      At line 182 in macro Set_Default_Handler
      at line 232 in file ..\\..\\..\\..\\..\\..\\firmware\\platform\\kl720\\sc
pu\\startup\\startup_asm.s
   Uses
      At line 102 in file ..\\..\\..\\..\\..\\..\\firmware\\platform\\kl720\\sc
pu\\startup\\startup_asm.s
      At line 183 in macro Set_Default_Handler
      at line 232 in file ..\\..\\..\\..\\..\\..\\firmware\\platform\\kl720\\sc
pu\\startup\\startup_asm.s

D2A0_IRQ_Handler 0000005A

Symbol: D2A0_IRQ_Handler
   Definitions
      At line 182 in macro Set_Default_Handler
      at line 231 in file ..\\..\\..\\..\\..\\..\\firmware\\platform\\kl720\\sc
pu\\startup\\startup_asm.s
   Uses
      At line 101 in file ..\\..\\..\\..\\..\\..\\firmware\\platform\\kl720\\sc
pu\\startup\\startup_asm.s
      At line 183 in macro Set_Default_Handler
      at line 231 in file ..\\..\\..\\..\\..\\..\\firmware\\platform\\kl720\\sc
pu\\startup\\startup_asm.s

D2A1_IRQ_Handler 0000005E

Symbol: D2A1_IRQ_Handler
   Definitions
      At line 182 in macro Set_Default_Handler
      at line 233 in file ..\\..\\..\\..\\..\\..\\firmware\\platform\\kl720\\sc
pu\\startup\\startup_asm.s
   Uses
      At line 103 in file ..\\..\\..\\..\\..\\..\\firmware\\platform\\kl720\\sc
pu\\startup\\startup_asm.s
      At line 183 in macro Set_Default_Handler
      at line 233 in file ..\\..\\..\\..\\..\\..\\firmware\\platform\\kl720\\sc
pu\\startup\\startup_asm.s

DDR_IRQ_Handler 00000070

Symbol: DDR_IRQ_Handler
   Definitions
      At line 182 in macro Set_Default_Handler
      at line 242 in file ..\\..\\..\\..\\..\\..\\firmware\\platform\\kl720\\sc
pu\\startup\\startup_asm.s
   Uses
      At line 112 in file ..\\..\\..\\..\\..\\..\\firmware\\platform\\kl720\\sc
pu\\startup\\startup_asm.s
      At line 183 in macro Set_Default_Handler



ARM Macro Assembler    Page 3 Alphabetic symbol ordering
Relocatable symbols

      at line 242 in file ..\\..\\..\\..\\..\\..\\firmware\\platform\\kl720\\sc
pu\\startup\\startup_asm.s

DMA020_ERR_IRQ_Handler 0000003A

Symbol: DMA020_ERR_IRQ_Handler
   Definitions
      At line 182 in macro Set_Default_Handler
      at line 215 in file ..\\..\\..\\..\\..\\..\\firmware\\platform\\kl720\\sc
pu\\startup\\startup_asm.s
   Uses
      At line 85 in file ..\\..\\..\\..\\..\\..\\firmware\\platform\\kl720\\scp
u\\startup\\startup_asm.s
      At line 183 in macro Set_Default_Handler
      at line 215 in file ..\\..\\..\\..\\..\\..\\firmware\\platform\\kl720\\sc
pu\\startup\\startup_asm.s

DMA020_IRQ_Handler 00000036

Symbol: DMA020_IRQ_Handler
   Definitions
      At line 182 in macro Set_Default_Handler
      at line 213 in file ..\\..\\..\\..\\..\\..\\firmware\\platform\\kl720\\sc
pu\\startup\\startup_asm.s
   Uses
      At line 83 in file ..\\..\\..\\..\\..\\..\\firmware\\platform\\kl720\\scp
u\\startup\\startup_asm.s
      At line 183 in macro Set_Default_Handler
      at line 213 in file ..\\..\\..\\..\\..\\..\\firmware\\platform\\kl720\\sc
pu\\startup\\startup_asm.s

DMA020_TC_IRQ_Handler 00000038

Symbol: DMA020_TC_IRQ_Handler
   Definitions
      At line 182 in macro Set_Default_Handler
      at line 214 in file ..\\..\\..\\..\\..\\..\\firmware\\platform\\kl720\\sc
pu\\startup\\startup_asm.s
   Uses
      At line 84 in file ..\\..\\..\\..\\..\\..\\firmware\\platform\\kl720\\scp
u\\startup\\startup_asm.s
      At line 183 in macro Set_Default_Handler
      at line 214 in file ..\\..\\..\\..\\..\\..\\firmware\\platform\\kl720\\sc
pu\\startup\\startup_asm.s

DMA030_ERR_IRQ_Handler 00000056

Symbol: DMA030_ERR_IRQ_Handler
   Definitions
      At line 182 in macro Set_Default_Handler
      at line 229 in file ..\\..\\..\\..\\..\\..\\firmware\\platform\\kl720\\sc
pu\\startup\\startup_asm.s
   Uses
      At line 99 in file ..\\..\\..\\..\\..\\..\\firmware\\platform\\kl720\\scp
u\\startup\\startup_asm.s
      At line 183 in macro Set_Default_Handler
      at line 229 in file ..\\..\\..\\..\\..\\..\\firmware\\platform\\kl720\\sc
pu\\startup\\startup_asm.s




ARM Macro Assembler    Page 4 Alphabetic symbol ordering
Relocatable symbols

DMA030_IRQ_Handler 00000052

Symbol: DMA030_IRQ_Handler
   Definitions
      At line 182 in macro Set_Default_Handler
      at line 227 in file ..\\..\\..\\..\\..\\..\\firmware\\platform\\kl720\\sc
pu\\startup\\startup_asm.s
   Uses
      At line 97 in file ..\\..\\..\\..\\..\\..\\firmware\\platform\\kl720\\scp
u\\startup\\startup_asm.s
      At line 183 in macro Set_Default_Handler
      at line 227 in file ..\\..\\..\\..\\..\\..\\firmware\\platform\\kl720\\sc
pu\\startup\\startup_asm.s

DMA030_TC_IRQ_Handler 00000054

Symbol: DMA030_TC_IRQ_Handler
   Definitions
      At line 182 in macro Set_Default_Handler
      at line 228 in file ..\\..\\..\\..\\..\\..\\firmware\\platform\\kl720\\sc
pu\\startup\\startup_asm.s
   Uses
      At line 98 in file ..\\..\\..\\..\\..\\..\\firmware\\platform\\kl720\\scp
u\\startup\\startup_asm.s
      At line 183 in macro Set_Default_Handler
      at line 228 in file ..\\..\\..\\..\\..\\..\\firmware\\platform\\kl720\\sc
pu\\startup\\startup_asm.s

DebugMon_Handler 00000018

Symbol: DebugMon_Handler
   Definitions
      At line 182 in macro Set_Default_Handler
      at line 197 in file ..\\..\\..\\..\\..\\..\\firmware\\platform\\kl720\\sc
pu\\startup\\startup_asm.s
   Uses
      At line 65 in file ..\\..\\..\\..\\..\\..\\firmware\\platform\\kl720\\scp
u\\startup\\startup_asm.s
      At line 183 in macro Set_Default_Handler
      at line 197 in file ..\\..\\..\\..\\..\\..\\firmware\\platform\\kl720\\sc
pu\\startup\\startup_asm.s

GPIO_IRQ_Handler 00000034

Symbol: GPIO_IRQ_Handler
   Definitions
      At line 182 in macro Set_Default_Handler
      at line 212 in file ..\\..\\..\\..\\..\\..\\firmware\\platform\\kl720\\sc
pu\\startup\\startup_asm.s
   Uses
      At line 82 in file ..\\..\\..\\..\\..\\..\\firmware\\platform\\kl720\\scp
u\\startup\\startup_asm.s
      At line 183 in macro Set_Default_Handler
      at line 212 in file ..\\..\\..\\..\\..\\..\\firmware\\platform\\kl720\\sc
pu\\startup\\startup_asm.s

H2X0_IRQ_Handler 00000074

Symbol: H2X0_IRQ_Handler



ARM Macro Assembler    Page 5 Alphabetic symbol ordering
Relocatable symbols

   Definitions
      At line 182 in macro Set_Default_Handler
      at line 244 in file ..\\..\\..\\..\\..\\..\\firmware\\platform\\kl720\\sc
pu\\startup\\startup_asm.s
   Uses
      At line 114 in file ..\\..\\..\\..\\..\\..\\firmware\\platform\\kl720\\sc
pu\\startup\\startup_asm.s
      At line 183 in macro Set_Default_Handler
      at line 244 in file ..\\..\\..\\..\\..\\..\\firmware\\platform\\kl720\\sc
pu\\startup\\startup_asm.s

H2X1_IRQ_Handler 00000076

Symbol: H2X1_IRQ_Handler
   Definitions
      At line 182 in macro Set_Default_Handler
      at line 245 in file ..\\..\\..\\..\\..\\..\\firmware\\platform\\kl720\\sc
pu\\startup\\startup_asm.s
   Uses
      At line 115 in file ..\\..\\..\\..\\..\\..\\firmware\\platform\\kl720\\sc
pu\\startup\\startup_asm.s
      At line 183 in macro Set_Default_Handler
      at line 245 in file ..\\..\\..\\..\\..\\..\\firmware\\platform\\kl720\\sc
pu\\startup\\startup_asm.s

H2X2_IRQ_Handler 00000078

Symbol: H2X2_IRQ_Handler
   Definitions
      At line 182 in macro Set_Default_Handler
      at line 246 in file ..\\..\\..\\..\\..\\..\\firmware\\platform\\kl720\\sc
pu\\startup\\startup_asm.s
   Uses
      At line 116 in file ..\\..\\..\\..\\..\\..\\firmware\\platform\\kl720\\sc
pu\\startup\\startup_asm.s
      At line 183 in macro Set_Default_Handler
      at line 246 in file ..\\..\\..\\..\\..\\..\\firmware\\platform\\kl720\\sc
pu\\startup\\startup_asm.s

HW_TIMER0_IRQ_Handler 00000020

Symbol: HW_TIMER0_IRQ_Handler
   Definitions
      At line 182 in macro Set_Default_Handler
      at line 202 in file ..\\..\\..\\..\\..\\..\\firmware\\platform\\kl720\\sc
pu\\startup\\startup_asm.s
   Uses
      At line 72 in file ..\\..\\..\\..\\..\\..\\firmware\\platform\\kl720\\scp
u\\startup\\startup_asm.s
      At line 183 in macro Set_Default_Handler
      at line 202 in file ..\\..\\..\\..\\..\\..\\firmware\\platform\\kl720\\sc
pu\\startup\\startup_asm.s

HW_TIMER1_IRQ_Handler 00000022

Symbol: HW_TIMER1_IRQ_Handler
   Definitions
      At line 182 in macro Set_Default_Handler
      at line 203 in file ..\\..\\..\\..\\..\\..\\firmware\\platform\\kl720\\sc



ARM Macro Assembler    Page 6 Alphabetic symbol ordering
Relocatable symbols

pu\\startup\\startup_asm.s
   Uses
      At line 73 in file ..\\..\\..\\..\\..\\..\\firmware\\platform\\kl720\\scp
u\\startup\\startup_asm.s
      At line 183 in macro Set_Default_Handler
      at line 203 in file ..\\..\\..\\..\\..\\..\\firmware\\platform\\kl720\\sc
pu\\startup\\startup_asm.s

HW_TIMER2_IRQ_Handler 00000024

Symbol: HW_TIMER2_IRQ_Handler
   Definitions
      At line 182 in macro Set_Default_Handler
      at line 204 in file ..\\..\\..\\..\\..\\..\\firmware\\platform\\kl720\\sc
pu\\startup\\startup_asm.s
   Uses
      At line 74 in file ..\\..\\..\\..\\..\\..\\firmware\\platform\\kl720\\scp
u\\startup\\startup_asm.s
      At line 183 in macro Set_Default_Handler
      at line 204 in file ..\\..\\..\\..\\..\\..\\firmware\\platform\\kl720\\sc
pu\\startup\\startup_asm.s

HW_TIMER3_IRQ_Handler 00000026

Symbol: HW_TIMER3_IRQ_Handler
   Definitions
      At line 182 in macro Set_Default_Handler
      at line 205 in file ..\\..\\..\\..\\..\\..\\firmware\\platform\\kl720\\sc
pu\\startup\\startup_asm.s
   Uses
      At line 75 in file ..\\..\\..\\..\\..\\..\\firmware\\platform\\kl720\\scp
u\\startup\\startup_asm.s
      At line 183 in macro Set_Default_Handler
      at line 205 in file ..\\..\\..\\..\\..\\..\\firmware\\platform\\kl720\\sc
pu\\startup\\startup_asm.s

HardFault_Handler 0000000E

Symbol: HardFault_Handler
   Definitions
      At line 182 in macro Set_Default_Handler
      at line 192 in file ..\\..\\..\\..\\..\\..\\firmware\\platform\\kl720\\sc
pu\\startup\\startup_asm.s
   Uses
      At line 56 in file ..\\..\\..\\..\\..\\..\\firmware\\platform\\kl720\\scp
u\\startup\\startup_asm.s
      At line 183 in macro Set_Default_Handler
      at line 192 in file ..\\..\\..\\..\\..\\..\\firmware\\platform\\kl720\\sc
pu\\startup\\startup_asm.s

I2C0_IRQ_Handler 0000003C

Symbol: I2C0_IRQ_Handler
   Definitions
      At line 182 in macro Set_Default_Handler
      at line 216 in file ..\\..\\..\\..\\..\\..\\firmware\\platform\\kl720\\sc
pu\\startup\\startup_asm.s
   Uses
      At line 86 in file ..\\..\\..\\..\\..\\..\\firmware\\platform\\kl720\\scp



ARM Macro Assembler    Page 7 Alphabetic symbol ordering
Relocatable symbols

u\\startup\\startup_asm.s
      At line 183 in macro Set_Default_Handler
      at line 216 in file ..\\..\\..\\..\\..\\..\\firmware\\platform\\kl720\\sc
pu\\startup\\startup_asm.s

I2C1_IRQ_Handler 0000003E

Symbol: I2C1_IRQ_Handler
   Definitions
      At line 182 in macro Set_Default_Handler
      at line 217 in file ..\\..\\..\\..\\..\\..\\firmware\\platform\\kl720\\sc
pu\\startup\\startup_asm.s
   Uses
      At line 87 in file ..\\..\\..\\..\\..\\..\\firmware\\platform\\kl720\\scp
u\\startup\\startup_asm.s
      At line 183 in macro Set_Default_Handler
      at line 217 in file ..\\..\\..\\..\\..\\..\\firmware\\platform\\kl720\\sc
pu\\startup\\startup_asm.s

I2C2_IRQ_Handler 00000040

Symbol: I2C2_IRQ_Handler
   Definitions
      At line 182 in macro Set_Default_Handler
      at line 218 in file ..\\..\\..\\..\\..\\..\\firmware\\platform\\kl720\\sc
pu\\startup\\startup_asm.s
   Uses
      At line 88 in file ..\\..\\..\\..\\..\\..\\firmware\\platform\\kl720\\scp
u\\startup\\startup_asm.s
      At line 183 in macro Set_Default_Handler
      at line 218 in file ..\\..\\..\\..\\..\\..\\firmware\\platform\\kl720\\sc
pu\\startup\\startup_asm.s

LCDC_BAUPD_IRQ_Handler 00000088

Symbol: LCDC_BAUPD_IRQ_Handler
   Definitions
      At line 182 in macro Set_Default_Handler
      at line 254 in file ..\\..\\..\\..\\..\\..\\firmware\\platform\\kl720\\sc
pu\\startup\\startup_asm.s
   Uses
      At line 129 in file ..\\..\\..\\..\\..\\..\\firmware\\platform\\kl720\\sc
pu\\startup\\startup_asm.s
      At line 183 in macro Set_Default_Handler
      at line 254 in file ..\\..\\..\\..\\..\\..\\firmware\\platform\\kl720\\sc
pu\\startup\\startup_asm.s

LCDC_FIFO_IRQ_Handler 00000086

Symbol: LCDC_FIFO_IRQ_Handler
   Definitions
      At line 182 in macro Set_Default_Handler
      at line 253 in file ..\\..\\..\\..\\..\\..\\firmware\\platform\\kl720\\sc
pu\\startup\\startup_asm.s
   Uses
      At line 128 in file ..\\..\\..\\..\\..\\..\\firmware\\platform\\kl720\\sc
pu\\startup\\startup_asm.s
      At line 183 in macro Set_Default_Handler
      at line 253 in file ..\\..\\..\\..\\..\\..\\firmware\\platform\\kl720\\sc



ARM Macro Assembler    Page 8 Alphabetic symbol ordering
Relocatable symbols

pu\\startup\\startup_asm.s

LCDC_IRQ_Handler 00000082

Symbol: LCDC_IRQ_Handler
   Definitions
      At line 182 in macro Set_Default_Handler
      at line 251 in file ..\\..\\..\\..\\..\\..\\firmware\\platform\\kl720\\sc
pu\\startup\\startup_asm.s
   Uses
      At line 126 in file ..\\..\\..\\..\\..\\..\\firmware\\platform\\kl720\\sc
pu\\startup\\startup_asm.s
      At line 183 in macro Set_Default_Handler
      at line 251 in file ..\\..\\..\\..\\..\\..\\firmware\\platform\\kl720\\sc
pu\\startup\\startup_asm.s

LCDC_MERR_IRQ_Handler 00000084

Symbol: LCDC_MERR_IRQ_Handler
   Definitions
      At line 182 in macro Set_Default_Handler
      at line 252 in file ..\\..\\..\\..\\..\\..\\firmware\\platform\\kl720\\sc
pu\\startup\\startup_asm.s
   Uses
      At line 127 in file ..\\..\\..\\..\\..\\..\\firmware\\platform\\kl720\\sc
pu\\startup\\startup_asm.s
      At line 183 in macro Set_Default_Handler
      at line 252 in file ..\\..\\..\\..\\..\\..\\firmware\\platform\\kl720\\sc
pu\\startup\\startup_asm.s

LCDC_VSTATUS_IRQ_Handler 0000008A

Symbol: LCDC_VSTATUS_IRQ_Handler
   Definitions
      At line 182 in macro Set_Default_Handler
      at line 255 in file ..\\..\\..\\..\\..\\..\\firmware\\platform\\kl720\\sc
pu\\startup\\startup_asm.s
   Uses
      At line 130 in file ..\\..\\..\\..\\..\\..\\firmware\\platform\\kl720\\sc
pu\\startup\\startup_asm.s
      At line 183 in macro Set_Default_Handler
      at line 255 in file ..\\..\\..\\..\\..\\..\\firmware\\platform\\kl720\\sc
pu\\startup\\startup_asm.s

MemManage_Handler 00000010

Symbol: MemManage_Handler
   Definitions
      At line 182 in macro Set_Default_Handler
      at line 193 in file ..\\..\\..\\..\\..\\..\\firmware\\platform\\kl720\\sc
pu\\startup\\startup_asm.s
   Uses
      At line 57 in file ..\\..\\..\\..\\..\\..\\firmware\\platform\\kl720\\scp
u\\startup\\startup_asm.s
      At line 183 in macro Set_Default_Handler
      at line 193 in file ..\\..\\..\\..\\..\\..\\firmware\\platform\\kl720\\sc
pu\\startup\\startup_asm.s

NMI_Handler 0000000C



ARM Macro Assembler    Page 9 Alphabetic symbol ordering
Relocatable symbols


Symbol: NMI_Handler
   Definitions
      At line 182 in macro Set_Default_Handler
      at line 191 in file ..\\..\\..\\..\\..\\..\\firmware\\platform\\kl720\\sc
pu\\startup\\startup_asm.s
   Uses
      At line 55 in file ..\\..\\..\\..\\..\\..\\firmware\\platform\\kl720\\scp
u\\startup\\startup_asm.s
      At line 183 in macro Set_Default_Handler
      at line 191 in file ..\\..\\..\\..\\..\\..\\firmware\\platform\\kl720\\sc
pu\\startup\\startup_asm.s

NPU0_IRQ_Handler 0000008E

Symbol: NPU0_IRQ_Handler
   Definitions
      At line 182 in macro Set_Default_Handler
      at line 257 in file ..\\..\\..\\..\\..\\..\\firmware\\platform\\kl720\\sc
pu\\startup\\startup_asm.s
   Uses
      At line 132 in file ..\\..\\..\\..\\..\\..\\firmware\\platform\\kl720\\sc
pu\\startup\\startup_asm.s
      At line 183 in macro Set_Default_Handler
      at line 257 in file ..\\..\\..\\..\\..\\..\\firmware\\platform\\kl720\\sc
pu\\startup\\startup_asm.s

NPU1_IRQ_Handler 00000090

Symbol: NPU1_IRQ_Handler
   Definitions
      At line 182 in macro Set_Default_Handler
      at line 258 in file ..\\..\\..\\..\\..\\..\\firmware\\platform\\kl720\\sc
pu\\startup\\startup_asm.s
   Uses
      At line 133 in file ..\\..\\..\\..\\..\\..\\firmware\\platform\\kl720\\sc
pu\\startup\\startup_asm.s
      At line 183 in macro Set_Default_Handler
      at line 258 in file ..\\..\\..\\..\\..\\..\\firmware\\platform\\kl720\\sc
pu\\startup\\startup_asm.s

NPU2_IRQ_Handler 00000092

Symbol: NPU2_IRQ_Handler
   Definitions
      At line 182 in macro Set_Default_Handler
      at line 259 in file ..\\..\\..\\..\\..\\..\\firmware\\platform\\kl720\\sc
pu\\startup\\startup_asm.s
   Uses
      At line 134 in file ..\\..\\..\\..\\..\\..\\firmware\\platform\\kl720\\sc
pu\\startup\\startup_asm.s
      At line 183 in macro Set_Default_Handler
      at line 259 in file ..\\..\\..\\..\\..\\..\\firmware\\platform\\kl720\\sc
pu\\startup\\startup_asm.s

NPU3_IRQ_Handler 00000094

Symbol: NPU3_IRQ_Handler
   Definitions



ARM Macro Assembler    Page 10 Alphabetic symbol ordering
Relocatable symbols

      At line 182 in macro Set_Default_Handler
      at line 260 in file ..\\..\\..\\..\\..\\..\\firmware\\platform\\kl720\\sc
pu\\startup\\startup_asm.s
   Uses
      At line 135 in file ..\\..\\..\\..\\..\\..\\firmware\\platform\\kl720\\sc
pu\\startup\\startup_asm.s
      At line 183 in macro Set_Default_Handler
      at line 260 in file ..\\..\\..\\..\\..\\..\\firmware\\platform\\kl720\\sc
pu\\startup\\startup_asm.s

NPU4_IRQ_Handler 00000096

Symbol: NPU4_IRQ_Handler
   Definitions
      At line 182 in macro Set_Default_Handler
      at line 261 in file ..\\..\\..\\..\\..\\..\\firmware\\platform\\kl720\\sc
pu\\startup\\startup_asm.s
   Uses
      At line 136 in file ..\\..\\..\\..\\..\\..\\firmware\\platform\\kl720\\sc
pu\\startup\\startup_asm.s
      At line 183 in macro Set_Default_Handler
      at line 261 in file ..\\..\\..\\..\\..\\..\\firmware\\platform\\kl720\\sc
pu\\startup\\startup_asm.s

NPU5_IRQ_Handler 00000098

Symbol: NPU5_IRQ_Handler
   Definitions
      At line 182 in macro Set_Default_Handler
      at line 262 in file ..\\..\\..\\..\\..\\..\\firmware\\platform\\kl720\\sc
pu\\startup\\startup_asm.s
   Uses
      At line 137 in file ..\\..\\..\\..\\..\\..\\firmware\\platform\\kl720\\sc
pu\\startup\\startup_asm.s
      At line 183 in macro Set_Default_Handler
      at line 262 in file ..\\..\\..\\..\\..\\..\\firmware\\platform\\kl720\\sc
pu\\startup\\startup_asm.s

NPU6_IRQ_Handler 0000009A

Symbol: NPU6_IRQ_Handler
   Definitions
      At line 182 in macro Set_Default_Handler
      at line 263 in file ..\\..\\..\\..\\..\\..\\firmware\\platform\\kl720\\sc
pu\\startup\\startup_asm.s
   Uses
      At line 138 in file ..\\..\\..\\..\\..\\..\\firmware\\platform\\kl720\\sc
pu\\startup\\startup_asm.s
      At line 183 in macro Set_Default_Handler
      at line 263 in file ..\\..\\..\\..\\..\\..\\firmware\\platform\\kl720\\sc
pu\\startup\\startup_asm.s

NPU7_IRQ_Handler 0000009C

Symbol: NPU7_IRQ_Handler
   Definitions
      At line 182 in macro Set_Default_Handler
      at line 264 in file ..\\..\\..\\..\\..\\..\\firmware\\platform\\kl720\\sc
pu\\startup\\startup_asm.s



ARM Macro Assembler    Page 11 Alphabetic symbol ordering
Relocatable symbols

   Uses
      At line 139 in file ..\\..\\..\\..\\..\\..\\firmware\\platform\\kl720\\sc
pu\\startup\\startup_asm.s
      At line 183 in macro Set_Default_Handler
      at line 264 in file ..\\..\\..\\..\\..\\..\\firmware\\platform\\kl720\\sc
pu\\startup\\startup_asm.s

PWM0_IRQ_Handler 00000028

Symbol: PWM0_IRQ_Handler
   Definitions
      At line 182 in macro Set_Default_Handler
      at line 206 in file ..\\..\\..\\..\\..\\..\\firmware\\platform\\kl720\\sc
pu\\startup\\startup_asm.s
   Uses
      At line 76 in file ..\\..\\..\\..\\..\\..\\firmware\\platform\\kl720\\scp
u\\startup\\startup_asm.s
      At line 183 in macro Set_Default_Handler
      at line 206 in file ..\\..\\..\\..\\..\\..\\firmware\\platform\\kl720\\sc
pu\\startup\\startup_asm.s

PWM1_IRQ_Handler 0000002A

Symbol: PWM1_IRQ_Handler
   Definitions
      At line 182 in macro Set_Default_Handler
      at line 207 in file ..\\..\\..\\..\\..\\..\\firmware\\platform\\kl720\\sc
pu\\startup\\startup_asm.s
   Uses
      At line 77 in file ..\\..\\..\\..\\..\\..\\firmware\\platform\\kl720\\scp
u\\startup\\startup_asm.s
      At line 183 in macro Set_Default_Handler
      at line 207 in file ..\\..\\..\\..\\..\\..\\firmware\\platform\\kl720\\sc
pu\\startup\\startup_asm.s

PWM2_IRQ_Handler 0000002C

Symbol: PWM2_IRQ_Handler
   Definitions
      At line 182 in macro Set_Default_Handler
      at line 208 in file ..\\..\\..\\..\\..\\..\\firmware\\platform\\kl720\\sc
pu\\startup\\startup_asm.s
   Uses
      At line 78 in file ..\\..\\..\\..\\..\\..\\firmware\\platform\\kl720\\scp
u\\startup\\startup_asm.s
      At line 183 in macro Set_Default_Handler
      at line 208 in file ..\\..\\..\\..\\..\\..\\firmware\\platform\\kl720\\sc
pu\\startup\\startup_asm.s

PendSV_Handler 0000001A

Symbol: PendSV_Handler
   Definitions
      At line 182 in macro Set_Default_Handler
      at line 198 in file ..\\..\\..\\..\\..\\..\\firmware\\platform\\kl720\\sc
pu\\startup\\startup_asm.s
   Uses
      At line 67 in file ..\\..\\..\\..\\..\\..\\firmware\\platform\\kl720\\scp
u\\startup\\startup_asm.s



ARM Macro Assembler    Page 12 Alphabetic symbol ordering
Relocatable symbols

      At line 183 in macro Set_Default_Handler
      at line 198 in file ..\\..\\..\\..\\..\\..\\firmware\\platform\\kl720\\sc
pu\\startup\\startup_asm.s

Reset_Handler 00000000

Symbol: Reset_Handler
   Definitions
      At line 163 in file ..\\..\\..\\..\\..\\..\\firmware\\platform\\kl720\\sc
pu\\startup\\startup_asm.s
   Uses
      At line 54 in file ..\\..\\..\\..\\..\\..\\firmware\\platform\\kl720\\scp
u\\startup\\startup_asm.s
      At line 164 in file ..\\..\\..\\..\\..\\..\\firmware\\platform\\kl720\\sc
pu\\startup\\startup_asm.s

SDC0_IRQ_Handler 0000007E

Symbol: SDC0_IRQ_Handler
   Definitions
      At line 182 in macro Set_Default_Handler
      at line 249 in file ..\\..\\..\\..\\..\\..\\firmware\\platform\\kl720\\sc
pu\\startup\\startup_asm.s
   Uses
      At line 124 in file ..\\..\\..\\..\\..\\..\\firmware\\platform\\kl720\\sc
pu\\startup\\startup_asm.s
      At line 183 in macro Set_Default_Handler
      at line 249 in file ..\\..\\..\\..\\..\\..\\firmware\\platform\\kl720\\sc
pu\\startup\\startup_asm.s

SDC1_IRQ_Handler 00000080

Symbol: SDC1_IRQ_Handler
   Definitions
      At line 182 in macro Set_Default_Handler
      at line 250 in file ..\\..\\..\\..\\..\\..\\firmware\\platform\\kl720\\sc
pu\\startup\\startup_asm.s
   Uses
      At line 125 in file ..\\..\\..\\..\\..\\..\\firmware\\platform\\kl720\\sc
pu\\startup\\startup_asm.s
      At line 183 in macro Set_Default_Handler
      at line 250 in file ..\\..\\..\\..\\..\\..\\firmware\\platform\\kl720\\sc
pu\\startup\\startup_asm.s

SGI_IRQ_Handler 00000060

Symbol: SGI_IRQ_Handler
   Definitions
      At line 182 in macro Set_Default_Handler
      at line 234 in file ..\\..\\..\\..\\..\\..\\firmware\\platform\\kl720\\sc
pu\\startup\\startup_asm.s
   Uses
      At line 104 in file ..\\..\\..\\..\\..\\..\\firmware\\platform\\kl720\\sc
pu\\startup\\startup_asm.s
      At line 183 in macro Set_Default_Handler
      at line 234 in file ..\\..\\..\\..\\..\\..\\firmware\\platform\\kl720\\sc
pu\\startup\\startup_asm.s

SPIF_IRQ_Handler 0000004A



ARM Macro Assembler    Page 13 Alphabetic symbol ordering
Relocatable symbols


Symbol: SPIF_IRQ_Handler
   Definitions
      At line 182 in macro Set_Default_Handler
      at line 223 in file ..\\..\\..\\..\\..\\..\\firmware\\platform\\kl720\\sc
pu\\startup\\startup_asm.s
   Uses
      At line 93 in file ..\\..\\..\\..\\..\\..\\firmware\\platform\\kl720\\scp
u\\startup\\startup_asm.s
      At line 183 in macro Set_Default_Handler
      at line 223 in file ..\\..\\..\\..\\..\\..\\firmware\\platform\\kl720\\sc
pu\\startup\\startup_asm.s

SSP0_IRQ_Handler 00000046

Symbol: SSP0_IRQ_Handler
   Definitions
      At line 182 in macro Set_Default_Handler
      at line 221 in file ..\\..\\..\\..\\..\\..\\firmware\\platform\\kl720\\sc
pu\\startup\\startup_asm.s
   Uses
      At line 91 in file ..\\..\\..\\..\\..\\..\\firmware\\platform\\kl720\\scp
u\\startup\\startup_asm.s
      At line 183 in macro Set_Default_Handler
      at line 221 in file ..\\..\\..\\..\\..\\..\\firmware\\platform\\kl720\\sc
pu\\startup\\startup_asm.s

SSP1_IRQ_Handler 00000048

Symbol: SSP1_IRQ_Handler
   Definitions
      At line 182 in macro Set_Default_Handler
      at line 222 in file ..\\..\\..\\..\\..\\..\\firmware\\platform\\kl720\\sc
pu\\startup\\startup_asm.s
   Uses
      At line 92 in file ..\\..\\..\\..\\..\\..\\firmware\\platform\\kl720\\scp
u\\startup\\startup_asm.s
      At line 183 in macro Set_Default_Handler
      at line 222 in file ..\\..\\..\\..\\..\\..\\firmware\\platform\\kl720\\sc
pu\\startup\\startup_asm.s

SVC_Handler 00000016

Symbol: SVC_Handler
   Definitions
      At line 182 in macro Set_Default_Handler
      at line 196 in file ..\\..\\..\\..\\..\\..\\firmware\\platform\\kl720\\sc
pu\\startup\\startup_asm.s
   Uses
      At line 64 in file ..\\..\\..\\..\\..\\..\\firmware\\platform\\kl720\\scp
u\\startup\\startup_asm.s
      At line 183 in macro Set_Default_Handler
      at line 196 in file ..\\..\\..\\..\\..\\..\\firmware\\platform\\kl720\\sc
pu\\startup\\startup_asm.s

SWI0_IRQ_Handler 00000030

Symbol: SWI0_IRQ_Handler
   Definitions



ARM Macro Assembler    Page 14 Alphabetic symbol ordering
Relocatable symbols

      At line 182 in macro Set_Default_Handler
      at line 210 in file ..\\..\\..\\..\\..\\..\\firmware\\platform\\kl720\\sc
pu\\startup\\startup_asm.s
   Uses
      At line 80 in file ..\\..\\..\\..\\..\\..\\firmware\\platform\\kl720\\scp
u\\startup\\startup_asm.s
      At line 183 in macro Set_Default_Handler
      at line 210 in file ..\\..\\..\\..\\..\\..\\firmware\\platform\\kl720\\sc
pu\\startup\\startup_asm.s

SWI10_IRQ_Handler 0000006E

Symbol: SWI10_IRQ_Handler
   Definitions
      At line 182 in macro Set_Default_Handler
      at line 241 in file ..\\..\\..\\..\\..\\..\\firmware\\platform\\kl720\\sc
pu\\startup\\startup_asm.s
   Uses
      At line 111 in file ..\\..\\..\\..\\..\\..\\firmware\\platform\\kl720\\sc
pu\\startup\\startup_asm.s
      At line 183 in macro Set_Default_Handler
      at line 241 in file ..\\..\\..\\..\\..\\..\\firmware\\platform\\kl720\\sc
pu\\startup\\startup_asm.s

SWI1_IRQ_Handler 0000004C

Symbol: SWI1_IRQ_Handler
   Definitions
      At line 182 in macro Set_Default_Handler
      at line 224 in file ..\\..\\..\\..\\..\\..\\firmware\\platform\\kl720\\sc
pu\\startup\\startup_asm.s
   Uses
      At line 94 in file ..\\..\\..\\..\\..\\..\\firmware\\platform\\kl720\\scp
u\\startup\\startup_asm.s
      At line 183 in macro Set_Default_Handler
      at line 224 in file ..\\..\\..\\..\\..\\..\\firmware\\platform\\kl720\\sc
pu\\startup\\startup_asm.s

SWI2_IRQ_Handler 0000004E

Symbol: SWI2_IRQ_Handler
   Definitions
      At line 182 in macro Set_Default_Handler
      at line 225 in file ..\\..\\..\\..\\..\\..\\firmware\\platform\\kl720\\sc
pu\\startup\\startup_asm.s
   Uses
      At line 95 in file ..\\..\\..\\..\\..\\..\\firmware\\platform\\kl720\\scp
u\\startup\\startup_asm.s
      At line 183 in macro Set_Default_Handler
      at line 225 in file ..\\..\\..\\..\\..\\..\\firmware\\platform\\kl720\\sc
pu\\startup\\startup_asm.s

SWI3_IRQ_Handler 00000050

Symbol: SWI3_IRQ_Handler
   Definitions
      At line 182 in macro Set_Default_Handler
      at line 226 in file ..\\..\\..\\..\\..\\..\\firmware\\platform\\kl720\\sc
pu\\startup\\startup_asm.s



ARM Macro Assembler    Page 15 Alphabetic symbol ordering
Relocatable symbols

   Uses
      At line 96 in file ..\\..\\..\\..\\..\\..\\firmware\\platform\\kl720\\scp
u\\startup\\startup_asm.s
      At line 183 in macro Set_Default_Handler
      at line 226 in file ..\\..\\..\\..\\..\\..\\firmware\\platform\\kl720\\sc
pu\\startup\\startup_asm.s

SWI4_IRQ_Handler 00000062

Symbol: SWI4_IRQ_Handler
   Definitions
      At line 182 in macro Set_Default_Handler
      at line 235 in file ..\\..\\..\\..\\..\\..\\firmware\\platform\\kl720\\sc
pu\\startup\\startup_asm.s
   Uses
      At line 105 in file ..\\..\\..\\..\\..\\..\\firmware\\platform\\kl720\\sc
pu\\startup\\startup_asm.s
      At line 183 in macro Set_Default_Handler
      at line 235 in file ..\\..\\..\\..\\..\\..\\firmware\\platform\\kl720\\sc
pu\\startup\\startup_asm.s

SWI5_IRQ_Handler 00000064

Symbol: SWI5_IRQ_Handler
   Definitions
      At line 182 in macro Set_Default_Handler
      at line 236 in file ..\\..\\..\\..\\..\\..\\firmware\\platform\\kl720\\sc
pu\\startup\\startup_asm.s
   Uses
      At line 106 in file ..\\..\\..\\..\\..\\..\\firmware\\platform\\kl720\\sc
pu\\startup\\startup_asm.s
      At line 183 in macro Set_Default_Handler
      at line 236 in file ..\\..\\..\\..\\..\\..\\firmware\\platform\\kl720\\sc
pu\\startup\\startup_asm.s

SWI6_IRQ_Handler 00000066

Symbol: SWI6_IRQ_Handler
   Definitions
      At line 182 in macro Set_Default_Handler
      at line 237 in file ..\\..\\..\\..\\..\\..\\firmware\\platform\\kl720\\sc
pu\\startup\\startup_asm.s
   Uses
      At line 107 in file ..\\..\\..\\..\\..\\..\\firmware\\platform\\kl720\\sc
pu\\startup\\startup_asm.s
      At line 183 in macro Set_Default_Handler
      at line 237 in file ..\\..\\..\\..\\..\\..\\firmware\\platform\\kl720\\sc
pu\\startup\\startup_asm.s

SWI7_IRQ_Handler 00000068

Symbol: SWI7_IRQ_Handler
   Definitions
      At line 182 in macro Set_Default_Handler
      at line 238 in file ..\\..\\..\\..\\..\\..\\firmware\\platform\\kl720\\sc
pu\\startup\\startup_asm.s
   Uses
      At line 108 in file ..\\..\\..\\..\\..\\..\\firmware\\platform\\kl720\\sc
pu\\startup\\startup_asm.s



ARM Macro Assembler    Page 16 Alphabetic symbol ordering
Relocatable symbols

      At line 183 in macro Set_Default_Handler
      at line 238 in file ..\\..\\..\\..\\..\\..\\firmware\\platform\\kl720\\sc
pu\\startup\\startup_asm.s

SWI8_IRQ_Handler 0000006A

Symbol: SWI8_IRQ_Handler
   Definitions
      At line 182 in macro Set_Default_Handler
      at line 239 in file ..\\..\\..\\..\\..\\..\\firmware\\platform\\kl720\\sc
pu\\startup\\startup_asm.s
   Uses
      At line 109 in file ..\\..\\..\\..\\..\\..\\firmware\\platform\\kl720\\sc
pu\\startup\\startup_asm.s
      At line 183 in macro Set_Default_Handler
      at line 239 in file ..\\..\\..\\..\\..\\..\\firmware\\platform\\kl720\\sc
pu\\startup\\startup_asm.s

SWI9_IRQ_Handler 0000006C

Symbol: SWI9_IRQ_Handler
   Definitions
      At line 182 in macro Set_Default_Handler
      at line 240 in file ..\\..\\..\\..\\..\\..\\firmware\\platform\\kl720\\sc
pu\\startup\\startup_asm.s
   Uses
      At line 110 in file ..\\..\\..\\..\\..\\..\\firmware\\platform\\kl720\\sc
pu\\startup\\startup_asm.s
      At line 183 in macro Set_Default_Handler
      at line 240 in file ..\\..\\..\\..\\..\\..\\firmware\\platform\\kl720\\sc
pu\\startup\\startup_asm.s

SYS_IRQ_Handler 0000001E

Symbol: SYS_IRQ_Handler
   Definitions
      At line 182 in macro Set_Default_Handler
      at line 201 in file ..\\..\\..\\..\\..\\..\\firmware\\platform\\kl720\\sc
pu\\startup\\startup_asm.s
   Uses
      At line 71 in file ..\\..\\..\\..\\..\\..\\firmware\\platform\\kl720\\scp
u\\startup\\startup_asm.s
      At line 183 in macro Set_Default_Handler
      at line 201 in file ..\\..\\..\\..\\..\\..\\firmware\\platform\\kl720\\sc
pu\\startup\\startup_asm.s

SysTick_Handler 0000001C

Symbol: SysTick_Handler
   Definitions
      At line 182 in macro Set_Default_Handler
      at line 199 in file ..\\..\\..\\..\\..\\..\\firmware\\platform\\kl720\\sc
pu\\startup\\startup_asm.s
   Uses
      At line 68 in file ..\\..\\..\\..\\..\\..\\firmware\\platform\\kl720\\scp
u\\startup\\startup_asm.s
      At line 183 in macro Set_Default_Handler
      at line 199 in file ..\\..\\..\\..\\..\\..\\firmware\\platform\\kl720\\sc
pu\\startup\\startup_asm.s



ARM Macro Assembler    Page 17 Alphabetic symbol ordering
Relocatable symbols


TDC_IRQ_Handler 00000032

Symbol: TDC_IRQ_Handler
   Definitions
      At line 182 in macro Set_Default_Handler
      at line 211 in file ..\\..\\..\\..\\..\\..\\firmware\\platform\\kl720\\sc
pu\\startup\\startup_asm.s
   Uses
      At line 81 in file ..\\..\\..\\..\\..\\..\\firmware\\platform\\kl720\\scp
u\\startup\\startup_asm.s
      At line 183 in macro Set_Default_Handler
      at line 211 in file ..\\..\\..\\..\\..\\..\\firmware\\platform\\kl720\\sc
pu\\startup\\startup_asm.s

UART0_IRQ_Handler 00000042

Symbol: UART0_IRQ_Handler
   Definitions
      At line 182 in macro Set_Default_Handler
      at line 219 in file ..\\..\\..\\..\\..\\..\\firmware\\platform\\kl720\\sc
pu\\startup\\startup_asm.s
   Uses
      At line 89 in file ..\\..\\..\\..\\..\\..\\firmware\\platform\\kl720\\scp
u\\startup\\startup_asm.s
      At line 183 in macro Set_Default_Handler
      at line 219 in file ..\\..\\..\\..\\..\\..\\firmware\\platform\\kl720\\sc
pu\\startup\\startup_asm.s

UART1_IRQ_Handler 00000044

Symbol: UART1_IRQ_Handler
   Definitions
      At line 182 in macro Set_Default_Handler
      at line 220 in file ..\\..\\..\\..\\..\\..\\firmware\\platform\\kl720\\sc
pu\\startup\\startup_asm.s
   Uses
      At line 90 in file ..\\..\\..\\..\\..\\..\\firmware\\platform\\kl720\\scp
u\\startup\\startup_asm.s
      At line 183 in macro Set_Default_Handler
      at line 220 in file ..\\..\\..\\..\\..\\..\\firmware\\platform\\kl720\\sc
pu\\startup\\startup_asm.s

USB2_IRQ_Handler 0000007A

Symbol: USB2_IRQ_Handler
   Definitions
      At line 182 in macro Set_Default_Handler
      at line 247 in file ..\\..\\..\\..\\..\\..\\firmware\\platform\\kl720\\sc
pu\\startup\\startup_asm.s
   Uses
      At line 121 in file ..\\..\\..\\..\\..\\..\\firmware\\platform\\kl720\\sc
pu\\startup\\startup_asm.s
      At line 183 in macro Set_Default_Handler
      at line 247 in file ..\\..\\..\\..\\..\\..\\firmware\\platform\\kl720\\sc
pu\\startup\\startup_asm.s

USB3_IRQ_Handler 0000007C




ARM Macro Assembler    Page 18 Alphabetic symbol ordering
Relocatable symbols

Symbol: USB3_IRQ_Handler
   Definitions
      At line 182 in macro Set_Default_Handler
      at line 248 in file ..\\..\\..\\..\\..\\..\\firmware\\platform\\kl720\\sc
pu\\startup\\startup_asm.s
   Uses
      At line 122 in file ..\\..\\..\\..\\..\\..\\firmware\\platform\\kl720\\sc
pu\\startup\\startup_asm.s
      At line 183 in macro Set_Default_Handler
      at line 248 in file ..\\..\\..\\..\\..\\..\\firmware\\platform\\kl720\\sc
pu\\startup\\startup_asm.s

UsageFault_Handler 00000014

Symbol: UsageFault_Handler
   Definitions
      At line 182 in macro Set_Default_Handler
      at line 195 in file ..\\..\\..\\..\\..\\..\\firmware\\platform\\kl720\\sc
pu\\startup\\startup_asm.s
   Uses
      At line 59 in file ..\\..\\..\\..\\..\\..\\firmware\\platform\\kl720\\scp
u\\startup\\startup_asm.s
      At line 183 in macro Set_Default_Handler
      at line 195 in file ..\\..\\..\\..\\..\\..\\firmware\\platform\\kl720\\sc
pu\\startup\\startup_asm.s

WDT_IRQ_Handler 0000002E

Symbol: WDT_IRQ_Handler
   Definitions
      At line 182 in macro Set_Default_Handler
      at line 209 in file ..\\..\\..\\..\\..\\..\\firmware\\platform\\kl720\\sc
pu\\startup\\startup_asm.s
   Uses
      At line 79 in file ..\\..\\..\\..\\..\\..\\firmware\\platform\\kl720\\scp
u\\startup\\startup_asm.s
      At line 183 in macro Set_Default_Handler
      at line 209 in file ..\\..\\..\\..\\..\\..\\firmware\\platform\\kl720\\sc
pu\\startup\\startup_asm.s

75 symbols



ARM Macro Assembler    Page 1 Alphabetic symbol ordering
Absolute symbols

Heap_Size 00001000

Symbol: Heap_Size
   Definitions
      At line 26 in file ..\\..\\..\\..\\..\\..\\firmware\\platform\\kl720\\scp
u\\startup\\startup_asm.s
   Uses
      At line 28 in file ..\\..\\..\\..\\..\\..\\firmware\\platform\\kl720\\scp
u\\startup\\startup_asm.s
      At line 31 in file ..\\..\\..\\..\\..\\..\\firmware\\platform\\kl720\\scp
u\\startup\\startup_asm.s
      At line 278 in file ..\\..\\..\\..\\..\\..\\firmware\\platform\\kl720\\sc
pu\\startup\\startup_asm.s

Stack_Size 00001000

Symbol: Stack_Size
   Definitions
      At line 35 in file ..\\..\\..\\..\\..\\..\\firmware\\platform\\kl720\\scp
u\\startup\\startup_asm.s
   Uses
      At line 39 in file ..\\..\\..\\..\\..\\..\\firmware\\platform\\kl720\\scp
u\\startup\\startup_asm.s
Comment: Stack_Size used once
__Vectors_Size 00000140

Symbol: __Vectors_Size
   Definitions
      At line 142 in file ..\\..\\..\\..\\..\\..\\firmware\\platform\\kl720\\sc
pu\\startup\\startup_asm.s
   Uses
      At line 51 in file ..\\..\\..\\..\\..\\..\\firmware\\platform\\kl720\\scp
u\\startup\\startup_asm.s
Comment: __Vectors_Size used once
3 symbols



ARM Macro Assembler    Page 1 Alphabetic symbol ordering
External symbols

Load$$LR$$SCPU$$Length 00000000

Symbol: Load$$LR$$SCPU$$Length
   Definitions
      At line 148 in file ..\\..\\..\\..\\..\\..\\firmware\\platform\\kl720\\sc
pu\\startup\\startup_asm.s
   Uses
      At line 154 in file ..\\..\\..\\..\\..\\..\\firmware\\platform\\kl720\\sc
pu\\startup\\startup_asm.s
Comment: Load$$LR$$SCPU$$Length used once
StartupInit 00000000

Symbol: StartupInit
   Definitions
      At line 165 in file ..\\..\\..\\..\\..\\..\\firmware\\platform\\kl720\\sc
pu\\startup\\startup_asm.s
   Uses
      At line 170 in file ..\\..\\..\\..\\..\\..\\firmware\\platform\\kl720\\sc
pu\\startup\\startup_asm.s
Comment: StartupInit used once
__main 00000000

Symbol: __main
   Definitions
      At line 166 in file ..\\..\\..\\..\\..\\..\\firmware\\platform\\kl720\\sc
pu\\startup\\startup_asm.s
   Uses
      At line 172 in file ..\\..\\..\\..\\..\\..\\firmware\\platform\\kl720\\sc
pu\\startup\\startup_asm.s
Comment: __main used once
3 symbols
431 symbols in table
